CRITICAL - 2025-05-09 07:52:51 --> ErrorException: Undefined variable $path
[Method: GET, Route: mahasiswa/]
in APPPATH\Views\Mahasiswa\home.php on line 9.
 1 APPPATH\Views\Mahasiswa\home.php(9): CodeIgniter\Debug\Exceptions->errorHandler(2, 'Undefined variable $path', 'D:\\xampp\\htdocs\\spp\\app\\Views\\Mahasiswa\\home.php', 9)
 2 SYSTEMPATH\View\View.php(224): include('D:\\xampp\\htdocs\\spp\\app\\Views\\Mahasiswa\\home.php')
 3 SYSTEMPATH\View\View.php(227): CodeIgniter\View\View->CodeIgniter\View\{closure}()
 4 SYSTEMPATH\Common.php(1173): CodeIgniter\View\View->render('mahasiswa/home', [], true)
 5 APPPATH\Controllers\Home.php(18): view('mahasiswa/home')
 6 SYSTEMPATH\CodeIgniter.php(933): App\Controllers\Home->mahasiswa()
 7 SYSTEMPATH\CodeIgniter.php(507): CodeIgniter\CodeIgniter->runController(Object(App\Controllers\Home))
 8 SYSTEMPATH\CodeIgniter.php(354): CodeIgniter\CodeIgniter->handleRequest(null, Object(Config\Cache), false)
 9 SYSTEMPATH\Boot.php(334): CodeIgniter\CodeIgniter->run()
10 SYSTEMPATH\Boot.php(67): CodeIgniter\Boot::runCodeIgniter(Object(CodeIgniter\CodeIgniter))
11 FCPATH\index.php(56): CodeIgniter\Boot::bootWeb(Object(Config\Paths))
12 SYSTEMPATH\rewrite.php(44): require_once('D:\\xampp\\htdocs\\spp\\public\\index.php')
CRITICAL - 2025-05-09 09:32:37 --> ErrorException: Undefined variable $title
[Method: GET, Route: /]
in APPPATH\Views\tamplate\header.php on line 6.
 1 APPPATH\Views\tamplate\header.php(6): CodeIgniter\Debug\Exceptions->errorHandler(2, 'Undefined variable $title', 'D:\\xampp\\htdocs\\spp\\app\\Views\\tamplate\\header.php', 6)
 2 SYSTEMPATH\View\View.php(224): include('D:\\xampp\\htdocs\\spp\\app\\Views\\tamplate\\header.php')
 3 SYSTEMPATH\View\View.php(227): CodeIgniter\View\View->CodeIgniter\View\{closure}()
 4 SYSTEMPATH\View\View.php(475): CodeIgniter\View\View->render('tamplate/header', null, true)
 5 APPPATH\Views\home.php(1): CodeIgniter\View\View->include('tamplate/header')
 6 SYSTEMPATH\View\View.php(224): include('D:\\xampp\\htdocs\\spp\\app\\Views\\home.php')
 7 SYSTEMPATH\View\View.php(227): CodeIgniter\View\View->CodeIgniter\View\{closure}()
 8 SYSTEMPATH\Common.php(1173): CodeIgniter\View\View->render('home', [], true)
 9 APPPATH\Controllers\Home.php(9): view('home', [...])
10 SYSTEMPATH\CodeIgniter.php(933): App\Controllers\Home->index()
11 SYSTEMPATH\CodeIgniter.php(507): CodeIgniter\CodeIgniter->runController(Object(App\Controllers\Home))
12 SYSTEMPATH\CodeIgniter.php(354): CodeIgniter\CodeIgniter->handleRequest(null, Object(Config\Cache), false)
13 SYSTEMPATH\Boot.php(334): CodeIgniter\CodeIgniter->run()
14 SYSTEMPATH\Boot.php(67): CodeIgniter\Boot::runCodeIgniter(Object(CodeIgniter\CodeIgniter))
15 FCPATH\index.php(56): CodeIgniter\Boot::bootWeb(Object(Config\Paths))
16 SYSTEMPATH\rewrite.php(44): require_once('D:\\xampp\\htdocs\\spp\\public\\index.php')
CRITICAL - 2025-05-09 09:40:38 --> ErrorException: Undefined variable $title
[Method: GET, Route: /]
in APPPATH\Views\tamplate\header.php on line 6.
 1 APPPATH\Views\tamplate\header.php(6): CodeIgniter\Debug\Exceptions->errorHandler(2, 'Undefined variable $title', 'D:\\xampp\\htdocs\\spp\\app\\Views\\tamplate\\header.php', 6)
 2 SYSTEMPATH\View\View.php(224): include('D:\\xampp\\htdocs\\spp\\app\\Views\\tamplate\\header.php')
 3 SYSTEMPATH\View\View.php(227): CodeIgniter\View\View->CodeIgniter\View\{closure}()
 4 SYSTEMPATH\View\View.php(475): CodeIgniter\View\View->render('tamplate/header', null, true)
 5 APPPATH\Views\home.php(1): CodeIgniter\View\View->include('tamplate/header')
 6 SYSTEMPATH\View\View.php(224): include('D:\\xampp\\htdocs\\spp\\app\\Views\\home.php')
 7 SYSTEMPATH\View\View.php(227): CodeIgniter\View\View->CodeIgniter\View\{closure}()
 8 SYSTEMPATH\Common.php(1173): CodeIgniter\View\View->render('home', [], true)
 9 APPPATH\Controllers\Home.php(9): view('home', [...])
10 SYSTEMPATH\CodeIgniter.php(933): App\Controllers\Home->index()
11 SYSTEMPATH\CodeIgniter.php(507): CodeIgniter\CodeIgniter->runController(Object(App\Controllers\Home))
12 SYSTEMPATH\CodeIgniter.php(354): CodeIgniter\CodeIgniter->handleRequest(null, Object(Config\Cache), false)
13 SYSTEMPATH\Boot.php(334): CodeIgniter\CodeIgniter->run()
14 SYSTEMPATH\Boot.php(67): CodeIgniter\Boot::runCodeIgniter(Object(CodeIgniter\CodeIgniter))
15 FCPATH\index.php(56): CodeIgniter\Boot::bootWeb(Object(Config\Paths))
16 SYSTEMPATH\rewrite.php(44): require_once('D:\\xampp\\htdocs\\spp\\public\\index.php')
CRITICAL - 2025-05-09 09:41:33 --> ErrorException: Undefined variable $title
[Method: GET, Route: /]
in APPPATH\Views\tamplate\header.php on line 6.
 1 APPPATH\Views\tamplate\header.php(6): CodeIgniter\Debug\Exceptions->errorHandler(2, 'Undefined variable $title', 'D:\\xampp\\htdocs\\spp\\app\\Views\\tamplate\\header.php', 6)
 2 SYSTEMPATH\View\View.php(224): include('D:\\xampp\\htdocs\\spp\\app\\Views\\tamplate\\header.php')
 3 SYSTEMPATH\View\View.php(227): CodeIgniter\View\View->CodeIgniter\View\{closure}()
 4 SYSTEMPATH\View\View.php(475): CodeIgniter\View\View->render('tamplate/header', null, true)
 5 APPPATH\Views\home.php(1): CodeIgniter\View\View->include('tamplate/header')
 6 SYSTEMPATH\View\View.php(224): include('D:\\xampp\\htdocs\\spp\\app\\Views\\home.php')
 7 SYSTEMPATH\View\View.php(227): CodeIgniter\View\View->CodeIgniter\View\{closure}()
 8 SYSTEMPATH\Common.php(1173): CodeIgniter\View\View->render('home', [], true)
 9 APPPATH\Controllers\Home.php(9): view('home', [...])
10 SYSTEMPATH\CodeIgniter.php(933): App\Controllers\Home->index()
11 SYSTEMPATH\CodeIgniter.php(507): CodeIgniter\CodeIgniter->runController(Object(App\Controllers\Home))
12 SYSTEMPATH\CodeIgniter.php(354): CodeIgniter\CodeIgniter->handleRequest(null, Object(Config\Cache), false)
13 SYSTEMPATH\Boot.php(334): CodeIgniter\CodeIgniter->run()
14 SYSTEMPATH\Boot.php(67): CodeIgniter\Boot::runCodeIgniter(Object(CodeIgniter\CodeIgniter))
15 FCPATH\index.php(56): CodeIgniter\Boot::bootWeb(Object(Config\Paths))
16 SYSTEMPATH\rewrite.php(44): require_once('D:\\xampp\\htdocs\\spp\\public\\index.php')
