DEBUG - 2025-05-12 06:33:12 --> Session: Class initialized using 'CodeIgniter\Session\Handlers\FileHandler' driver.
DEBUG - 2025-05-12 06:33:44 --> Session: Class initialized using 'CodeIgniter\Session\Handlers\FileHandler' driver.
DEBUG - 2025-05-12 06:33:44 --> Session: Class initialized using 'CodeIgniter\Session\Handlers\FileHandler' driver.
DEBUG - 2025-05-12 06:33:57 --> Session: Class initialized using 'CodeIgniter\Session\Handlers\FileHandler' driver.
DEBUG - 2025-05-12 06:34:01 --> Session: Class initialized using 'CodeIgniter\Session\Handlers\FileHandler' driver.
DEBUG - 2025-05-12 06:34:05 --> Session: Class initialized using 'CodeIgniter\Session\Handlers\FileHandler' driver.
DEBUG - 2025-05-12 06:34:07 --> Session: Class initialized using 'CodeIgniter\Session\Handlers\FileHandler' driver.
DEBUG - 2025-05-12 06:34:09 --> Session: Class initialized using 'CodeIgniter\Session\Handlers\FileHandler' driver.
DEBUG - 2025-05-12 06:34:12 --> Session: Class initialized using 'CodeIgniter\Session\Handlers\FileHandler' driver.
DEBUG - 2025-05-12 06:34:14 --> Session: Class initialized using 'CodeIgniter\Session\Handlers\FileHandler' driver.
DEBUG - 2025-05-12 06:34:17 --> Session: Class initialized using 'CodeIgniter\Session\Handlers\FileHandler' driver.
DEBUG - 2025-05-12 06:34:20 --> Session: Class initialized using 'CodeIgniter\Session\Handlers\FileHandler' driver.
DEBUG - 2025-05-12 06:35:56 --> Session: Class initialized using 'CodeIgniter\Session\Handlers\FileHandler' driver.
CRITICAL - 2025-05-12 06:35:57 --> CodeIgniter\HTTP\Exceptions\BadRequestException: The URI you submitted has disallowed characters: "jquery.dataTables.min.js""
[Method: GET, Route: plugins/datatables/jquery.dataTables.min.js%22]
in SYSTEMPATH\Router\Router.php on line 739.
 1 SYSTEMPATH\Router\Router.php(207): CodeIgniter\Router\Router->checkDisallowedChars('plugins/datatables/jquery.dataTables.min.js"')
 2 SYSTEMPATH\CodeIgniter.php(832): CodeIgniter\Router\Router->handle('plugins/datatables/jquery.dataTables.min.js"')
 3 SYSTEMPATH\CodeIgniter.php(455): CodeIgniter\CodeIgniter->tryToRouteIt(Object(CodeIgniter\Router\RouteCollection))
 4 SYSTEMPATH\CodeIgniter.php(354): CodeIgniter\CodeIgniter->handleRequest(null, Object(Config\Cache), false)
 5 SYSTEMPATH\Boot.php(334): CodeIgniter\CodeIgniter->run()
 6 SYSTEMPATH\Boot.php(67): CodeIgniter\Boot::runCodeIgniter(Object(CodeIgniter\CodeIgniter))
 7 FCPATH\index.php(56): CodeIgniter\Boot::bootWeb(Object(Config\Paths))
 8 SYSTEMPATH\rewrite.php(44): require_once('D:\\xampp\\htdocs\\spp\\public\\index.php')
CRITICAL - 2025-05-12 06:35:57 --> CodeIgniter\HTTP\Exceptions\BadRequestException: The URI you submitted has disallowed characters: "jquery.dataTables.min.js""
[Method: GET, Route: plugins/datatables/jquery.dataTables.min.js%22]
in SYSTEMPATH\Router\Router.php on line 739.
 1 SYSTEMPATH\Router\Router.php(207): CodeIgniter\Router\Router->checkDisallowedChars('plugins/datatables/jquery.dataTables.min.js"')
 2 SYSTEMPATH\CodeIgniter.php(832): CodeIgniter\Router\Router->handle('plugins/datatables/jquery.dataTables.min.js"')
 3 SYSTEMPATH\CodeIgniter.php(455): CodeIgniter\CodeIgniter->tryToRouteIt(Object(CodeIgniter\Router\RouteCollection))
 4 SYSTEMPATH\CodeIgniter.php(354): CodeIgniter\CodeIgniter->handleRequest(null, Object(Config\Cache), false)
 5 SYSTEMPATH\Boot.php(334): CodeIgniter\CodeIgniter->run()
 6 SYSTEMPATH\Boot.php(67): CodeIgniter\Boot::runCodeIgniter(Object(CodeIgniter\CodeIgniter))
 7 FCPATH\index.php(56): CodeIgniter\Boot::bootWeb(Object(Config\Paths))
 8 SYSTEMPATH\rewrite.php(44): require_once('D:\\xampp\\htdocs\\spp\\public\\index.php')
DEBUG - 2025-05-12 06:36:39 --> Session: Class initialized using 'CodeIgniter\Session\Handlers\FileHandler' driver.
DEBUG - 2025-05-12 06:37:20 --> Session: Class initialized using 'CodeIgniter\Session\Handlers\FileHandler' driver.
DEBUG - 2025-05-12 06:37:23 --> Session: Class initialized using 'CodeIgniter\Session\Handlers\FileHandler' driver.
DEBUG - 2025-05-12 06:37:25 --> Session: Class initialized using 'CodeIgniter\Session\Handlers\FileHandler' driver.
DEBUG - 2025-05-12 06:37:27 --> Session: Class initialized using 'CodeIgniter\Session\Handlers\FileHandler' driver.
DEBUG - 2025-05-12 06:37:29 --> Session: Class initialized using 'CodeIgniter\Session\Handlers\FileHandler' driver.
DEBUG - 2025-05-12 06:37:33 --> Session: Class initialized using 'CodeIgniter\Session\Handlers\FileHandler' driver.
DEBUG - 2025-05-12 06:37:36 --> Session: Class initialized using 'CodeIgniter\Session\Handlers\FileHandler' driver.
DEBUG - 2025-05-12 06:37:52 --> Session: Class initialized using 'CodeIgniter\Session\Handlers\FileHandler' driver.
DEBUG - 2025-05-12 06:37:55 --> Session: Class initialized using 'CodeIgniter\Session\Handlers\FileHandler' driver.
DEBUG - 2025-05-12 06:37:57 --> Session: Class initialized using 'CodeIgniter\Session\Handlers\FileHandler' driver.
DEBUG - 2025-05-12 06:38:00 --> Session: Class initialized using 'CodeIgniter\Session\Handlers\FileHandler' driver.
DEBUG - 2025-05-12 06:41:28 --> Session: Class initialized using 'CodeIgniter\Session\Handlers\FileHandler' driver.
DEBUG - 2025-05-12 06:42:46 --> Session: Class initialized using 'CodeIgniter\Session\Handlers\FileHandler' driver.
CRITICAL - 2025-05-12 06:42:46 --> CodeIgniter\HTTP\Exceptions\BadRequestException: The URI you submitted has disallowed characters: "jquery.dataTables.min.js""
[Method: GET, Route: public/template/plugins/datatables/jquery.dataTables.min.js%22]
in SYSTEMPATH\Router\Router.php on line 739.
 1 SYSTEMPATH\Router\Router.php(207): CodeIgniter\Router\Router->checkDisallowedChars('public/template/plugins/datatables/jquery.dataTables.min.js"')
 2 SYSTEMPATH\CodeIgniter.php(832): CodeIgniter\Router\Router->handle('public/template/plugins/datatables/jquery.dataTables.min.js"')
 3 SYSTEMPATH\CodeIgniter.php(455): CodeIgniter\CodeIgniter->tryToRouteIt(Object(CodeIgniter\Router\RouteCollection))
 4 SYSTEMPATH\CodeIgniter.php(354): CodeIgniter\CodeIgniter->handleRequest(null, Object(Config\Cache), false)
 5 SYSTEMPATH\Boot.php(334): CodeIgniter\CodeIgniter->run()
 6 SYSTEMPATH\Boot.php(67): CodeIgniter\Boot::runCodeIgniter(Object(CodeIgniter\CodeIgniter))
 7 FCPATH\index.php(56): CodeIgniter\Boot::bootWeb(Object(Config\Paths))
 8 SYSTEMPATH\rewrite.php(44): require_once('D:\\xampp\\htdocs\\spp\\public\\index.php')
CRITICAL - 2025-05-12 06:42:47 --> CodeIgniter\HTTP\Exceptions\BadRequestException: The URI you submitted has disallowed characters: "jquery.dataTables.min.js""
[Method: GET, Route: public/template/plugins/datatables/jquery.dataTables.min.js%22]
in SYSTEMPATH\Router\Router.php on line 739.
 1 SYSTEMPATH\Router\Router.php(207): CodeIgniter\Router\Router->checkDisallowedChars('public/template/plugins/datatables/jquery.dataTables.min.js"')
 2 SYSTEMPATH\CodeIgniter.php(832): CodeIgniter\Router\Router->handle('public/template/plugins/datatables/jquery.dataTables.min.js"')
 3 SYSTEMPATH\CodeIgniter.php(455): CodeIgniter\CodeIgniter->tryToRouteIt(Object(CodeIgniter\Router\RouteCollection))
 4 SYSTEMPATH\CodeIgniter.php(354): CodeIgniter\CodeIgniter->handleRequest(null, Object(Config\Cache), false)
 5 SYSTEMPATH\Boot.php(334): CodeIgniter\CodeIgniter->run()
 6 SYSTEMPATH\Boot.php(67): CodeIgniter\Boot::runCodeIgniter(Object(CodeIgniter\CodeIgniter))
 7 FCPATH\index.php(56): CodeIgniter\Boot::bootWeb(Object(Config\Paths))
 8 SYSTEMPATH\rewrite.php(44): require_once('D:\\xampp\\htdocs\\spp\\public\\index.php')
DEBUG - 2025-05-12 06:42:50 --> Session: Class initialized using 'CodeIgniter\Session\Handlers\FileHandler' driver.
CRITICAL - 2025-05-12 06:42:51 --> CodeIgniter\HTTP\Exceptions\BadRequestException: The URI you submitted has disallowed characters: "jquery.dataTables.min.js""
[Method: GET, Route: public/template/plugins/datatables/jquery.dataTables.min.js%22]
in SYSTEMPATH\Router\Router.php on line 739.
 1 SYSTEMPATH\Router\Router.php(207): CodeIgniter\Router\Router->checkDisallowedChars('public/template/plugins/datatables/jquery.dataTables.min.js"')
 2 SYSTEMPATH\CodeIgniter.php(832): CodeIgniter\Router\Router->handle('public/template/plugins/datatables/jquery.dataTables.min.js"')
 3 SYSTEMPATH\CodeIgniter.php(455): CodeIgniter\CodeIgniter->tryToRouteIt(Object(CodeIgniter\Router\RouteCollection))
 4 SYSTEMPATH\CodeIgniter.php(354): CodeIgniter\CodeIgniter->handleRequest(null, Object(Config\Cache), false)
 5 SYSTEMPATH\Boot.php(334): CodeIgniter\CodeIgniter->run()
 6 SYSTEMPATH\Boot.php(67): CodeIgniter\Boot::runCodeIgniter(Object(CodeIgniter\CodeIgniter))
 7 FCPATH\index.php(56): CodeIgniter\Boot::bootWeb(Object(Config\Paths))
 8 SYSTEMPATH\rewrite.php(44): require_once('D:\\xampp\\htdocs\\spp\\public\\index.php')
CRITICAL - 2025-05-12 06:42:51 --> CodeIgniter\HTTP\Exceptions\BadRequestException: The URI you submitted has disallowed characters: "jquery.dataTables.min.js""
[Method: GET, Route: public/template/plugins/datatables/jquery.dataTables.min.js%22]
in SYSTEMPATH\Router\Router.php on line 739.
 1 SYSTEMPATH\Router\Router.php(207): CodeIgniter\Router\Router->checkDisallowedChars('public/template/plugins/datatables/jquery.dataTables.min.js"')
 2 SYSTEMPATH\CodeIgniter.php(832): CodeIgniter\Router\Router->handle('public/template/plugins/datatables/jquery.dataTables.min.js"')
 3 SYSTEMPATH\CodeIgniter.php(455): CodeIgniter\CodeIgniter->tryToRouteIt(Object(CodeIgniter\Router\RouteCollection))
 4 SYSTEMPATH\CodeIgniter.php(354): CodeIgniter\CodeIgniter->handleRequest(null, Object(Config\Cache), false)
 5 SYSTEMPATH\Boot.php(334): CodeIgniter\CodeIgniter->run()
 6 SYSTEMPATH\Boot.php(67): CodeIgniter\Boot::runCodeIgniter(Object(CodeIgniter\CodeIgniter))
 7 FCPATH\index.php(56): CodeIgniter\Boot::bootWeb(Object(Config\Paths))
 8 SYSTEMPATH\rewrite.php(44): require_once('D:\\xampp\\htdocs\\spp\\public\\index.php')
DEBUG - 2025-05-12 06:44:09 --> Session: Class initialized using 'CodeIgniter\Session\Handlers\FileHandler' driver.
DEBUG - 2025-05-12 06:44:11 --> Session: Class initialized using 'CodeIgniter\Session\Handlers\FileHandler' driver.
DEBUG - 2025-05-12 06:44:39 --> Session: Class initialized using 'CodeIgniter\Session\Handlers\FileHandler' driver.
DEBUG - 2025-05-12 06:45:21 --> Session: Class initialized using 'CodeIgniter\Session\Handlers\FileHandler' driver.
DEBUG - 2025-05-12 06:45:51 --> Session: Class initialized using 'CodeIgniter\Session\Handlers\FileHandler' driver.
DEBUG - 2025-05-12 06:45:55 --> Session: Class initialized using 'CodeIgniter\Session\Handlers\FileHandler' driver.
DEBUG - 2025-05-12 06:46:03 --> Session: Class initialized using 'CodeIgniter\Session\Handlers\FileHandler' driver.
DEBUG - 2025-05-12 06:46:10 --> Session: Class initialized using 'CodeIgniter\Session\Handlers\FileHandler' driver.
DEBUG - 2025-05-12 06:46:13 --> Session: Class initialized using 'CodeIgniter\Session\Handlers\FileHandler' driver.
DEBUG - 2025-05-12 06:46:15 --> Session: Class initialized using 'CodeIgniter\Session\Handlers\FileHandler' driver.
DEBUG - 2025-05-12 06:46:17 --> Session: Class initialized using 'CodeIgniter\Session\Handlers\FileHandler' driver.
DEBUG - 2025-05-12 06:46:27 --> Session: Class initialized using 'CodeIgniter\Session\Handlers\FileHandler' driver.
DEBUG - 2025-05-12 06:46:34 --> Session: Class initialized using 'CodeIgniter\Session\Handlers\FileHandler' driver.
DEBUG - 2025-05-12 06:46:39 --> Session: Class initialized using 'CodeIgniter\Session\Handlers\FileHandler' driver.
DEBUG - 2025-05-12 06:46:42 --> Session: Class initialized using 'CodeIgniter\Session\Handlers\FileHandler' driver.
DEBUG - 2025-05-12 06:46:45 --> Session: Class initialized using 'CodeIgniter\Session\Handlers\FileHandler' driver.
DEBUG - 2025-05-12 06:46:47 --> Session: Class initialized using 'CodeIgniter\Session\Handlers\FileHandler' driver.
DEBUG - 2025-05-12 06:47:39 --> Session: Class initialized using 'CodeIgniter\Session\Handlers\FileHandler' driver.
DEBUG - 2025-05-12 09:07:59 --> Session: Class initialized using 'CodeIgniter\Session\Handlers\FileHandler' driver.
DEBUG - 2025-05-12 09:08:19 --> Session: Class initialized using 'CodeIgniter\Session\Handlers\FileHandler' driver.
DEBUG - 2025-05-12 09:08:20 --> Session: Class initialized using 'CodeIgniter\Session\Handlers\FileHandler' driver.
DEBUG - 2025-05-12 09:08:35 --> Session: Class initialized using 'CodeIgniter\Session\Handlers\FileHandler' driver.
DEBUG - 2025-05-12 09:57:43 --> Session: Class initialized using 'CodeIgniter\Session\Handlers\FileHandler' driver.
DEBUG - 2025-05-12 09:58:30 --> Session: Class initialized using 'CodeIgniter\Session\Handlers\FileHandler' driver.
DEBUG - 2025-05-12 09:58:41 --> Session: Class initialized using 'CodeIgniter\Session\Handlers\FileHandler' driver.
DEBUG - 2025-05-12 09:58:44 --> Session: Class initialized using 'CodeIgniter\Session\Handlers\FileHandler' driver.
DEBUG - 2025-05-12 10:12:53 --> Session: Class initialized using 'CodeIgniter\Session\Handlers\FileHandler' driver.
WARNING - 2025-05-12 10:12:53 --> [DEPRECATED] Optional parameter $joins declared before required parameter $id_mahasiswa is implicitly treated as a required parameter in APPPATH\Models\mahasiswaModel.php on line 32.
 1 SYSTEMPATH\Autoloader\Autoloader.php(316): include_once('D:\\xampp\\htdocs\\spp\\system\\Debug\\Exceptions.php')
 2 SYSTEMPATH\Autoloader\Autoloader.php(295): CodeIgniter\Autoloader\Autoloader->includeFile('D:\\xampp\\htdocs\\spp\\app\\Models\\MahasiswaModel.php')
 3 SYSTEMPATH\Autoloader\Autoloader.php(271): CodeIgniter\Autoloader\Autoloader->loadInNamespace('App\\Models\\MahasiswaModel')
 4 APPPATH\Controllers\MahasiswaController.php(17): CodeIgniter\Autoloader\Autoloader->loadClass('App\\Models\\MahasiswaModel')
 5 SYSTEMPATH\CodeIgniter.php(903): App\Controllers\MahasiswaController->__construct()
 6 SYSTEMPATH\CodeIgniter.php(498): CodeIgniter\CodeIgniter->createController()
 7 SYSTEMPATH\CodeIgniter.php(354): CodeIgniter\CodeIgniter->handleRequest(null, Object(Config\Cache), false)
 8 SYSTEMPATH\Boot.php(334): CodeIgniter\CodeIgniter->run()
 9 SYSTEMPATH\Boot.php(67): CodeIgniter\Boot::runCodeIgniter(Object(CodeIgniter\CodeIgniter))
10 FCPATH\index.php(56): CodeIgniter\Boot::bootWeb(Object(Config\Paths))
11 SYSTEMPATH\rewrite.php(44): require_once('D:\\xampp\\htdocs\\spp\\public\\index.php')
DEBUG - 2025-05-12 10:14:54 --> Session: Class initialized using 'CodeIgniter\Session\Handlers\FileHandler' driver.
WARNING - 2025-05-12 10:14:55 --> [DEPRECATED] Optional parameter $joins declared before required parameter $id_mahasiswa is implicitly treated as a required parameter in APPPATH\Models\mahasiswaModel.php on line 32.
 1 SYSTEMPATH\Autoloader\Autoloader.php(316): include_once('D:\\xampp\\htdocs\\spp\\system\\Debug\\Exceptions.php')
 2 SYSTEMPATH\Autoloader\Autoloader.php(295): CodeIgniter\Autoloader\Autoloader->includeFile('D:\\xampp\\htdocs\\spp\\app\\Models\\MahasiswaModel.php')
 3 SYSTEMPATH\Autoloader\Autoloader.php(271): CodeIgniter\Autoloader\Autoloader->loadInNamespace('App\\Models\\MahasiswaModel')
 4 APPPATH\Controllers\MahasiswaController.php(17): CodeIgniter\Autoloader\Autoloader->loadClass('App\\Models\\MahasiswaModel')
 5 SYSTEMPATH\CodeIgniter.php(903): App\Controllers\MahasiswaController->__construct()
 6 SYSTEMPATH\CodeIgniter.php(498): CodeIgniter\CodeIgniter->createController()
 7 SYSTEMPATH\CodeIgniter.php(354): CodeIgniter\CodeIgniter->handleRequest(null, Object(Config\Cache), false)
 8 SYSTEMPATH\Boot.php(334): CodeIgniter\CodeIgniter->run()
 9 SYSTEMPATH\Boot.php(67): CodeIgniter\Boot::runCodeIgniter(Object(CodeIgniter\CodeIgniter))
10 FCPATH\index.php(56): CodeIgniter\Boot::bootWeb(Object(Config\Paths))
11 SYSTEMPATH\rewrite.php(44): require_once('D:\\xampp\\htdocs\\spp\\public\\index.php')
DEBUG - 2025-05-12 10:15:01 --> Session: Class initialized using 'CodeIgniter\Session\Handlers\FileHandler' driver.
WARNING - 2025-05-12 10:15:01 --> [DEPRECATED] Optional parameter $joins declared before required parameter $id_mahasiswa is implicitly treated as a required parameter in APPPATH\Models\mahasiswaModel.php on line 32.
 1 SYSTEMPATH\Autoloader\Autoloader.php(316): include_once('D:\\xampp\\htdocs\\spp\\system\\Debug\\Exceptions.php')
 2 SYSTEMPATH\Autoloader\Autoloader.php(295): CodeIgniter\Autoloader\Autoloader->includeFile('D:\\xampp\\htdocs\\spp\\app\\Models\\MahasiswaModel.php')
 3 SYSTEMPATH\Autoloader\Autoloader.php(271): CodeIgniter\Autoloader\Autoloader->loadInNamespace('App\\Models\\MahasiswaModel')
 4 APPPATH\Controllers\MahasiswaController.php(17): CodeIgniter\Autoloader\Autoloader->loadClass('App\\Models\\MahasiswaModel')
 5 SYSTEMPATH\CodeIgniter.php(903): App\Controllers\MahasiswaController->__construct()
 6 SYSTEMPATH\CodeIgniter.php(498): CodeIgniter\CodeIgniter->createController()
 7 SYSTEMPATH\CodeIgniter.php(354): CodeIgniter\CodeIgniter->handleRequest(null, Object(Config\Cache), false)
 8 SYSTEMPATH\Boot.php(334): CodeIgniter\CodeIgniter->run()
 9 SYSTEMPATH\Boot.php(67): CodeIgniter\Boot::runCodeIgniter(Object(CodeIgniter\CodeIgniter))
10 FCPATH\index.php(56): CodeIgniter\Boot::bootWeb(Object(Config\Paths))
11 SYSTEMPATH\rewrite.php(44): require_once('D:\\xampp\\htdocs\\spp\\public\\index.php')
DEBUG - 2025-05-12 10:16:20 --> Session: Class initialized using 'CodeIgniter\Session\Handlers\FileHandler' driver.
WARNING - 2025-05-12 10:16:20 --> [DEPRECATED] Optional parameter $joins declared before required parameter $id_mahasiswa is implicitly treated as a required parameter in APPPATH\Models\mahasiswaModel.php on line 32.
 1 SYSTEMPATH\Autoloader\Autoloader.php(316): include_once('D:\\xampp\\htdocs\\spp\\system\\Debug\\Exceptions.php')
 2 SYSTEMPATH\Autoloader\Autoloader.php(295): CodeIgniter\Autoloader\Autoloader->includeFile('D:\\xampp\\htdocs\\spp\\app\\Models\\MahasiswaModel.php')
 3 SYSTEMPATH\Autoloader\Autoloader.php(271): CodeIgniter\Autoloader\Autoloader->loadInNamespace('App\\Models\\MahasiswaModel')
 4 APPPATH\Controllers\MahasiswaController.php(17): CodeIgniter\Autoloader\Autoloader->loadClass('App\\Models\\MahasiswaModel')
 5 SYSTEMPATH\CodeIgniter.php(903): App\Controllers\MahasiswaController->__construct()
 6 SYSTEMPATH\CodeIgniter.php(498): CodeIgniter\CodeIgniter->createController()
 7 SYSTEMPATH\CodeIgniter.php(354): CodeIgniter\CodeIgniter->handleRequest(null, Object(Config\Cache), false)
 8 SYSTEMPATH\Boot.php(334): CodeIgniter\CodeIgniter->run()
 9 SYSTEMPATH\Boot.php(67): CodeIgniter\Boot::runCodeIgniter(Object(CodeIgniter\CodeIgniter))
10 FCPATH\index.php(56): CodeIgniter\Boot::bootWeb(Object(Config\Paths))
11 SYSTEMPATH\rewrite.php(44): require_once('D:\\xampp\\htdocs\\spp\\public\\index.php')
ERROR - 2025-05-12 10:16:20 --> mysqli_sql_exception: Unknown column 'bulan_dibayar' in 'field list' in D:\xampp\htdocs\spp\system\Database\MySQLi\Connection.php:327
Stack trace:
#0 D:\xampp\htdocs\spp\system\Database\MySQLi\Connection.php(327): mysqli->query('INSERT INTO `pe...', 0)
#1 D:\xampp\htdocs\spp\system\Database\BaseConnection.php(738): CodeIgniter\Database\MySQLi\Connection->execute('INSERT INTO `pe...')
#2 D:\xampp\htdocs\spp\system\Database\BaseConnection.php(652): CodeIgniter\Database\BaseConnection->simpleQuery('INSERT INTO `pe...')
#3 D:\xampp\htdocs\spp\system\Database\BaseBuilder.php(1841): CodeIgniter\Database\BaseConnection->query('INSERT INTO `pe...', NULL, false)
#4 D:\xampp\htdocs\spp\system\Database\BaseBuilder.php(2230): CodeIgniter\Database\BaseBuilder->batchExecute('_insertBatch', 100)
#5 D:\xampp\htdocs\spp\system\Model.php(428): CodeIgniter\Database\BaseBuilder->insertBatch(Array, NULL, 100)
#6 D:\xampp\htdocs\spp\system\BaseModel.php(959): CodeIgniter\Model->doInsertBatch(Array, NULL, 100, false)
#7 D:\xampp\htdocs\spp\app\Models\PembayaranModel.php(28): CodeIgniter\BaseModel->insertBatch(Array)
#8 D:\xampp\htdocs\spp\app\Controllers\MahasiswaController.php(69): App\Models\PembayaranModel->createPembayaran(NULL, 2, '6')
#9 D:\xampp\htdocs\spp\system\CodeIgniter.php(933): App\Controllers\MahasiswaController->store()
#10 D:\xampp\htdocs\spp\system\CodeIgniter.php(507): CodeIgniter\CodeIgniter->runController(Object(App\Controllers\MahasiswaController))
#11 D:\xampp\htdocs\spp\system\CodeIgniter.php(354): CodeIgniter\CodeIgniter->handleRequest(NULL, Object(Config\Cache), false)
#12 D:\xampp\htdocs\spp\system\Boot.php(334): CodeIgniter\CodeIgniter->run()
#13 D:\xampp\htdocs\spp\system\Boot.php(67): CodeIgniter\Boot::runCodeIgniter(Object(CodeIgniter\CodeIgniter))
#14 D:\xampp\htdocs\spp\public\index.php(56): CodeIgniter\Boot::bootWeb(Object(Config\Paths))
#15 D:\xampp\htdocs\spp\system\rewrite.php(44): require_once('D:\\xampp\\htdocs...')
#16 {main}
CRITICAL - 2025-05-12 10:16:20 --> CodeIgniter\Database\Exceptions\DatabaseException: Unknown column 'bulan_dibayar' in 'field list'
[Method: POST, Route: mahasiswa/store]
in SYSTEMPATH\Database\BaseConnection.php on line 692.
 1 SYSTEMPATH\Database\BaseBuilder.php(1841): CodeIgniter\Database\BaseConnection->query('INSERT INTO `pembayaran` (`bulan_dibayar`, `id_petugas`, `id_siswa`, `id_spp`)
VALUES (\'Januari\',NULL,2,\'6\'), (\'Februari\',NULL,2,\'6\'), (\'Maret\',NULL,2,\'6\'), (\'April\',NULL,2,\'6\'), (\'Mei\',NULL,2,\'6\'), (\'Juni\',NULL,2,\'6\'), (\'Juli\',NULL,2,\'6\'), (\'Agustus\',NULL,2,\'6\'), (\'September\',NULL,2,\'6\'), (\'Oktober\',NULL,2,\'6\'), (\'November\',NULL,2,\'6\'), (\'Desember\',NULL,2,\'6\')', null, false)
 2 SYSTEMPATH\Database\BaseBuilder.php(2230): CodeIgniter\Database\BaseBuilder->batchExecute('_insertBatch', 100)
 3 SYSTEMPATH\Model.php(428): CodeIgniter\Database\BaseBuilder->insertBatch([...], null, 100)
 4 SYSTEMPATH\BaseModel.php(959): CodeIgniter\Model->doInsertBatch([...], null, 100, false)
 5 APPPATH\Models\PembayaranModel.php(28): CodeIgniter\BaseModel->insertBatch([...])
 6 APPPATH\Controllers\MahasiswaController.php(69): App\Models\PembayaranModel->createPembayaran(null, 2, '6')
 7 SYSTEMPATH\CodeIgniter.php(933): App\Controllers\MahasiswaController->store()
 8 SYSTEMPATH\CodeIgniter.php(507): CodeIgniter\CodeIgniter->runController(Object(App\Controllers\MahasiswaController))
 9 SYSTEMPATH\CodeIgniter.php(354): CodeIgniter\CodeIgniter->handleRequest(null, Object(Config\Cache), false)
10 SYSTEMPATH\Boot.php(334): CodeIgniter\CodeIgniter->run()
11 SYSTEMPATH\Boot.php(67): CodeIgniter\Boot::runCodeIgniter(Object(CodeIgniter\CodeIgniter))
12 FCPATH\index.php(56): CodeIgniter\Boot::bootWeb(Object(Config\Paths))
13 SYSTEMPATH\rewrite.php(44): require_once('D:\\xampp\\htdocs\\spp\\public\\index.php')
CRITICAL - 2025-05-12 10:16:20 --> [Caused by] CodeIgniter\Database\Exceptions\DatabaseException: Unknown column 'bulan_dibayar' in 'field list'
in SYSTEMPATH\Database\MySQLi\Connection.php on line 332.
 1 SYSTEMPATH\Database\BaseConnection.php(738): CodeIgniter\Database\MySQLi\Connection->execute('INSERT INTO `pembayaran` (`bulan_dibayar`, `id_petugas`, `id_siswa`, `id_spp`)
VALUES (\'Januari\',NULL,2,\'6\'), (\'Februari\',NULL,2,\'6\'), (\'Maret\',NULL,2,\'6\'), (\'April\',NULL,2,\'6\'), (\'Mei\',NULL,2,\'6\'), (\'Juni\',NULL,2,\'6\'), (\'Juli\',NULL,2,\'6\'), (\'Agustus\',NULL,2,\'6\'), (\'September\',NULL,2,\'6\'), (\'Oktober\',NULL,2,\'6\'), (\'November\',NULL,2,\'6\'), (\'Desember\',NULL,2,\'6\')')
 2 SYSTEMPATH\Database\BaseConnection.php(652): CodeIgniter\Database\BaseConnection->simpleQuery('INSERT INTO `pembayaran` (`bulan_dibayar`, `id_petugas`, `id_siswa`, `id_spp`)
VALUES (\'Januari\',NULL,2,\'6\'), (\'Februari\',NULL,2,\'6\'), (\'Maret\',NULL,2,\'6\'), (\'April\',NULL,2,\'6\'), (\'Mei\',NULL,2,\'6\'), (\'Juni\',NULL,2,\'6\'), (\'Juli\',NULL,2,\'6\'), (\'Agustus\',NULL,2,\'6\'), (\'September\',NULL,2,\'6\'), (\'Oktober\',NULL,2,\'6\'), (\'November\',NULL,2,\'6\'), (\'Desember\',NULL,2,\'6\')')
 3 SYSTEMPATH\Database\BaseBuilder.php(1841): CodeIgniter\Database\BaseConnection->query('INSERT INTO `pembayaran` (`bulan_dibayar`, `id_petugas`, `id_siswa`, `id_spp`)
VALUES (\'Januari\',NULL,2,\'6\'), (\'Februari\',NULL,2,\'6\'), (\'Maret\',NULL,2,\'6\'), (\'April\',NULL,2,\'6\'), (\'Mei\',NULL,2,\'6\'), (\'Juni\',NULL,2,\'6\'), (\'Juli\',NULL,2,\'6\'), (\'Agustus\',NULL,2,\'6\'), (\'September\',NULL,2,\'6\'), (\'Oktober\',NULL,2,\'6\'), (\'November\',NULL,2,\'6\'), (\'Desember\',NULL,2,\'6\')', null, false)
 4 SYSTEMPATH\Database\BaseBuilder.php(2230): CodeIgniter\Database\BaseBuilder->batchExecute('_insertBatch', 100)
 5 SYSTEMPATH\Model.php(428): CodeIgniter\Database\BaseBuilder->insertBatch([...], null, 100)
 6 SYSTEMPATH\BaseModel.php(959): CodeIgniter\Model->doInsertBatch([...], null, 100, false)
 7 APPPATH\Models\PembayaranModel.php(28): CodeIgniter\BaseModel->insertBatch([...])
 8 APPPATH\Controllers\MahasiswaController.php(69): App\Models\PembayaranModel->createPembayaran(null, 2, '6')
 9 SYSTEMPATH\CodeIgniter.php(933): App\Controllers\MahasiswaController->store()
10 SYSTEMPATH\CodeIgniter.php(507): CodeIgniter\CodeIgniter->runController(Object(App\Controllers\MahasiswaController))
11 SYSTEMPATH\CodeIgniter.php(354): CodeIgniter\CodeIgniter->handleRequest(null, Object(Config\Cache), false)
12 SYSTEMPATH\Boot.php(334): CodeIgniter\CodeIgniter->run()
13 SYSTEMPATH\Boot.php(67): CodeIgniter\Boot::runCodeIgniter(Object(CodeIgniter\CodeIgniter))
14 FCPATH\index.php(56): CodeIgniter\Boot::bootWeb(Object(Config\Paths))
15 SYSTEMPATH\rewrite.php(44): require_once('D:\\xampp\\htdocs\\spp\\public\\index.php')
CRITICAL - 2025-05-12 10:16:20 --> [Caused by] mysqli_sql_exception: Unknown column 'bulan_dibayar' in 'field list'
in SYSTEMPATH\Database\MySQLi\Connection.php on line 327.
 1 SYSTEMPATH\Database\MySQLi\Connection.php(327): mysqli->query('INSERT INTO `pembayaran` (`bulan_dibayar`, `id_petugas`, `id_siswa`, `id_spp`)
VALUES (\'Januari\',NULL,2,\'6\'), (\'Februari\',NULL,2,\'6\'), (\'Maret\',NULL,2,\'6\'), (\'April\',NULL,2,\'6\'), (\'Mei\',NULL,2,\'6\'), (\'Juni\',NULL,2,\'6\'), (\'Juli\',NULL,2,\'6\'), (\'Agustus\',NULL,2,\'6\'), (\'September\',NULL,2,\'6\'), (\'Oktober\',NULL,2,\'6\'), (\'November\',NULL,2,\'6\'), (\'Desember\',NULL,2,\'6\')', 0)
 2 SYSTEMPATH\Database\BaseConnection.php(738): CodeIgniter\Database\MySQLi\Connection->execute('INSERT INTO `pembayaran` (`bulan_dibayar`, `id_petugas`, `id_siswa`, `id_spp`)
VALUES (\'Januari\',NULL,2,\'6\'), (\'Februari\',NULL,2,\'6\'), (\'Maret\',NULL,2,\'6\'), (\'April\',NULL,2,\'6\'), (\'Mei\',NULL,2,\'6\'), (\'Juni\',NULL,2,\'6\'), (\'Juli\',NULL,2,\'6\'), (\'Agustus\',NULL,2,\'6\'), (\'September\',NULL,2,\'6\'), (\'Oktober\',NULL,2,\'6\'), (\'November\',NULL,2,\'6\'), (\'Desember\',NULL,2,\'6\')')
 3 SYSTEMPATH\Database\BaseConnection.php(652): CodeIgniter\Database\BaseConnection->simpleQuery('INSERT INTO `pembayaran` (`bulan_dibayar`, `id_petugas`, `id_siswa`, `id_spp`)
VALUES (\'Januari\',NULL,2,\'6\'), (\'Februari\',NULL,2,\'6\'), (\'Maret\',NULL,2,\'6\'), (\'April\',NULL,2,\'6\'), (\'Mei\',NULL,2,\'6\'), (\'Juni\',NULL,2,\'6\'), (\'Juli\',NULL,2,\'6\'), (\'Agustus\',NULL,2,\'6\'), (\'September\',NULL,2,\'6\'), (\'Oktober\',NULL,2,\'6\'), (\'November\',NULL,2,\'6\'), (\'Desember\',NULL,2,\'6\')')
 4 SYSTEMPATH\Database\BaseBuilder.php(1841): CodeIgniter\Database\BaseConnection->query('INSERT INTO `pembayaran` (`bulan_dibayar`, `id_petugas`, `id_siswa`, `id_spp`)
VALUES (\'Januari\',NULL,2,\'6\'), (\'Februari\',NULL,2,\'6\'), (\'Maret\',NULL,2,\'6\'), (\'April\',NULL,2,\'6\'), (\'Mei\',NULL,2,\'6\'), (\'Juni\',NULL,2,\'6\'), (\'Juli\',NULL,2,\'6\'), (\'Agustus\',NULL,2,\'6\'), (\'September\',NULL,2,\'6\'), (\'Oktober\',NULL,2,\'6\'), (\'November\',NULL,2,\'6\'), (\'Desember\',NULL,2,\'6\')', null, false)
 5 SYSTEMPATH\Database\BaseBuilder.php(2230): CodeIgniter\Database\BaseBuilder->batchExecute('_insertBatch', 100)
 6 SYSTEMPATH\Model.php(428): CodeIgniter\Database\BaseBuilder->insertBatch([...], null, 100)
 7 SYSTEMPATH\BaseModel.php(959): CodeIgniter\Model->doInsertBatch([...], null, 100, false)
 8 APPPATH\Models\PembayaranModel.php(28): CodeIgniter\BaseModel->insertBatch([...])
 9 APPPATH\Controllers\MahasiswaController.php(69): App\Models\PembayaranModel->createPembayaran(null, 2, '6')
10 SYSTEMPATH\CodeIgniter.php(933): App\Controllers\MahasiswaController->store()
11 SYSTEMPATH\CodeIgniter.php(507): CodeIgniter\CodeIgniter->runController(Object(App\Controllers\MahasiswaController))
12 SYSTEMPATH\CodeIgniter.php(354): CodeIgniter\CodeIgniter->handleRequest(null, Object(Config\Cache), false)
13 SYSTEMPATH\Boot.php(334): CodeIgniter\CodeIgniter->run()
14 SYSTEMPATH\Boot.php(67): CodeIgniter\Boot::runCodeIgniter(Object(CodeIgniter\CodeIgniter))
15 FCPATH\index.php(56): CodeIgniter\Boot::bootWeb(Object(Config\Paths))
16 SYSTEMPATH\rewrite.php(44): require_once('D:\\xampp\\htdocs\\spp\\public\\index.php')
DEBUG - 2025-05-12 10:19:59 --> Session: Class initialized using 'CodeIgniter\Session\Handlers\FileHandler' driver.
WARNING - 2025-05-12 10:19:59 --> [DEPRECATED] Optional parameter $joins declared before required parameter $id_mahasiswa is implicitly treated as a required parameter in APPPATH\Models\mahasiswaModel.php on line 32.
 1 SYSTEMPATH\Autoloader\Autoloader.php(316): include_once('D:\\xampp\\htdocs\\spp\\system\\Debug\\Exceptions.php')
 2 SYSTEMPATH\Autoloader\Autoloader.php(295): CodeIgniter\Autoloader\Autoloader->includeFile('D:\\xampp\\htdocs\\spp\\app\\Models\\MahasiswaModel.php')
 3 SYSTEMPATH\Autoloader\Autoloader.php(271): CodeIgniter\Autoloader\Autoloader->loadInNamespace('App\\Models\\MahasiswaModel')
 4 APPPATH\Controllers\MahasiswaController.php(17): CodeIgniter\Autoloader\Autoloader->loadClass('App\\Models\\MahasiswaModel')
 5 SYSTEMPATH\CodeIgniter.php(903): App\Controllers\MahasiswaController->__construct()
 6 SYSTEMPATH\CodeIgniter.php(498): CodeIgniter\CodeIgniter->createController()
 7 SYSTEMPATH\CodeIgniter.php(354): CodeIgniter\CodeIgniter->handleRequest(null, Object(Config\Cache), false)
 8 SYSTEMPATH\Boot.php(334): CodeIgniter\CodeIgniter->run()
 9 SYSTEMPATH\Boot.php(67): CodeIgniter\Boot::runCodeIgniter(Object(CodeIgniter\CodeIgniter))
10 FCPATH\index.php(56): CodeIgniter\Boot::bootWeb(Object(Config\Paths))
11 SYSTEMPATH\rewrite.php(44): require_once('D:\\xampp\\htdocs\\spp\\public\\index.php')
ERROR - 2025-05-12 10:19:59 --> mysqli_sql_exception: Duplicate entry 'B02220051' for key 'nim' in D:\xampp\htdocs\spp\system\Database\MySQLi\Connection.php:327
Stack trace:
#0 D:\xampp\htdocs\spp\system\Database\MySQLi\Connection.php(327): mysqli->query('INSERT INTO `ma...', 0)
#1 D:\xampp\htdocs\spp\system\Database\BaseConnection.php(738): CodeIgniter\Database\MySQLi\Connection->execute('INSERT INTO `ma...')
#2 D:\xampp\htdocs\spp\system\Database\BaseConnection.php(652): CodeIgniter\Database\BaseConnection->simpleQuery('INSERT INTO `ma...')
#3 D:\xampp\htdocs\spp\system\Database\BaseBuilder.php(2345): CodeIgniter\Database\BaseConnection->query('INSERT INTO `ma...', Array, false)
#4 D:\xampp\htdocs\spp\system\Model.php(394): CodeIgniter\Database\BaseBuilder->insert()
#5 D:\xampp\htdocs\spp\system\BaseModel.php(839): CodeIgniter\Model->doInsert(Array)
#6 D:\xampp\htdocs\spp\system\Model.php(800): CodeIgniter\BaseModel->insert(Array, true)
#7 D:\xampp\htdocs\spp\app\Controllers\MahasiswaController.php(55): CodeIgniter\Model->insert(Array)
#8 D:\xampp\htdocs\spp\system\CodeIgniter.php(933): App\Controllers\MahasiswaController->store()
#9 D:\xampp\htdocs\spp\system\CodeIgniter.php(507): CodeIgniter\CodeIgniter->runController(Object(App\Controllers\MahasiswaController))
#10 D:\xampp\htdocs\spp\system\CodeIgniter.php(354): CodeIgniter\CodeIgniter->handleRequest(NULL, Object(Config\Cache), false)
#11 D:\xampp\htdocs\spp\system\Boot.php(334): CodeIgniter\CodeIgniter->run()
#12 D:\xampp\htdocs\spp\system\Boot.php(67): CodeIgniter\Boot::runCodeIgniter(Object(CodeIgniter\CodeIgniter))
#13 D:\xampp\htdocs\spp\public\index.php(56): CodeIgniter\Boot::bootWeb(Object(Config\Paths))
#14 D:\xampp\htdocs\spp\system\rewrite.php(44): require_once('D:\\xampp\\htdocs...')
#15 {main}
CRITICAL - 2025-05-12 10:19:59 --> CodeIgniter\Database\Exceptions\DatabaseException: Duplicate entry 'B02220051' for key 'nim'
[Method: POST, Route: mahasiswa/store]
in SYSTEMPATH\Database\BaseConnection.php on line 692.
 1 SYSTEMPATH\Database\BaseBuilder.php(2345): CodeIgniter\Database\BaseConnection->query('INSERT INTO `mahasiswa` (`id_user`, `nim`, `id_spp`, `id_jurusan`, `alamat_mahasiswa`, `no_telepon_mahasiswa`) VALUES (:id_user:, :nim:, :id_spp:, :id_jurusan:, :alamat_mahasiswa:, :no_telepon_mahasiswa:)', [...], false)
 2 SYSTEMPATH\Model.php(394): CodeIgniter\Database\BaseBuilder->insert()
 3 SYSTEMPATH\BaseModel.php(839): CodeIgniter\Model->doInsert([...])
 4 SYSTEMPATH\Model.php(800): CodeIgniter\BaseModel->insert([...], true)
 5 APPPATH\Controllers\MahasiswaController.php(55): CodeIgniter\Model->insert([...])
 6 SYSTEMPATH\CodeIgniter.php(933): App\Controllers\MahasiswaController->store()
 7 SYSTEMPATH\CodeIgniter.php(507): CodeIgniter\CodeIgniter->runController(Object(App\Controllers\MahasiswaController))
 8 SYSTEMPATH\CodeIgniter.php(354): CodeIgniter\CodeIgniter->handleRequest(null, Object(Config\Cache), false)
 9 SYSTEMPATH\Boot.php(334): CodeIgniter\CodeIgniter->run()
10 SYSTEMPATH\Boot.php(67): CodeIgniter\Boot::runCodeIgniter(Object(CodeIgniter\CodeIgniter))
11 FCPATH\index.php(56): CodeIgniter\Boot::bootWeb(Object(Config\Paths))
12 SYSTEMPATH\rewrite.php(44): require_once('D:\\xampp\\htdocs\\spp\\public\\index.php')
CRITICAL - 2025-05-12 10:19:59 --> [Caused by] CodeIgniter\Database\Exceptions\DatabaseException: Duplicate entry 'B02220051' for key 'nim'
in SYSTEMPATH\Database\MySQLi\Connection.php on line 332.
 1 SYSTEMPATH\Database\BaseConnection.php(738): CodeIgniter\Database\MySQLi\Connection->execute('INSERT INTO `mahasiswa` (`id_user`, `nim`, `id_spp`, `id_jurusan`, `alamat_mahasiswa`, `no_telepon_mahasiswa`) VALUES (14, \'B02220051\', \'6\', \'6\', \'Banyuwangi\', \'1111\')')
 2 SYSTEMPATH\Database\BaseConnection.php(652): CodeIgniter\Database\BaseConnection->simpleQuery('INSERT INTO `mahasiswa` (`id_user`, `nim`, `id_spp`, `id_jurusan`, `alamat_mahasiswa`, `no_telepon_mahasiswa`) VALUES (14, \'B02220051\', \'6\', \'6\', \'Banyuwangi\', \'1111\')')
 3 SYSTEMPATH\Database\BaseBuilder.php(2345): CodeIgniter\Database\BaseConnection->query('INSERT INTO `mahasiswa` (`id_user`, `nim`, `id_spp`, `id_jurusan`, `alamat_mahasiswa`, `no_telepon_mahasiswa`) VALUES (:id_user:, :nim:, :id_spp:, :id_jurusan:, :alamat_mahasiswa:, :no_telepon_mahasiswa:)', [...], false)
 4 SYSTEMPATH\Model.php(394): CodeIgniter\Database\BaseBuilder->insert()
 5 SYSTEMPATH\BaseModel.php(839): CodeIgniter\Model->doInsert([...])
 6 SYSTEMPATH\Model.php(800): CodeIgniter\BaseModel->insert([...], true)
 7 APPPATH\Controllers\MahasiswaController.php(55): CodeIgniter\Model->insert([...])
 8 SYSTEMPATH\CodeIgniter.php(933): App\Controllers\MahasiswaController->store()
 9 SYSTEMPATH\CodeIgniter.php(507): CodeIgniter\CodeIgniter->runController(Object(App\Controllers\MahasiswaController))
10 SYSTEMPATH\CodeIgniter.php(354): CodeIgniter\CodeIgniter->handleRequest(null, Object(Config\Cache), false)
11 SYSTEMPATH\Boot.php(334): CodeIgniter\CodeIgniter->run()
12 SYSTEMPATH\Boot.php(67): CodeIgniter\Boot::runCodeIgniter(Object(CodeIgniter\CodeIgniter))
13 FCPATH\index.php(56): CodeIgniter\Boot::bootWeb(Object(Config\Paths))
14 SYSTEMPATH\rewrite.php(44): require_once('D:\\xampp\\htdocs\\spp\\public\\index.php')
CRITICAL - 2025-05-12 10:19:59 --> [Caused by] mysqli_sql_exception: Duplicate entry 'B02220051' for key 'nim'
in SYSTEMPATH\Database\MySQLi\Connection.php on line 327.
 1 SYSTEMPATH\Database\MySQLi\Connection.php(327): mysqli->query('INSERT INTO `mahasiswa` (`id_user`, `nim`, `id_spp`, `id_jurusan`, `alamat_mahasiswa`, `no_telepon_mahasiswa`) VALUES (14, \'B02220051\', \'6\', \'6\', \'Banyuwangi\', \'1111\')', 0)
 2 SYSTEMPATH\Database\BaseConnection.php(738): CodeIgniter\Database\MySQLi\Connection->execute('INSERT INTO `mahasiswa` (`id_user`, `nim`, `id_spp`, `id_jurusan`, `alamat_mahasiswa`, `no_telepon_mahasiswa`) VALUES (14, \'B02220051\', \'6\', \'6\', \'Banyuwangi\', \'1111\')')
 3 SYSTEMPATH\Database\BaseConnection.php(652): CodeIgniter\Database\BaseConnection->simpleQuery('INSERT INTO `mahasiswa` (`id_user`, `nim`, `id_spp`, `id_jurusan`, `alamat_mahasiswa`, `no_telepon_mahasiswa`) VALUES (14, \'B02220051\', \'6\', \'6\', \'Banyuwangi\', \'1111\')')
 4 SYSTEMPATH\Database\BaseBuilder.php(2345): CodeIgniter\Database\BaseConnection->query('INSERT INTO `mahasiswa` (`id_user`, `nim`, `id_spp`, `id_jurusan`, `alamat_mahasiswa`, `no_telepon_mahasiswa`) VALUES (:id_user:, :nim:, :id_spp:, :id_jurusan:, :alamat_mahasiswa:, :no_telepon_mahasiswa:)', [...], false)
 5 SYSTEMPATH\Model.php(394): CodeIgniter\Database\BaseBuilder->insert()
 6 SYSTEMPATH\BaseModel.php(839): CodeIgniter\Model->doInsert([...])
 7 SYSTEMPATH\Model.php(800): CodeIgniter\BaseModel->insert([...], true)
 8 APPPATH\Controllers\MahasiswaController.php(55): CodeIgniter\Model->insert([...])
 9 SYSTEMPATH\CodeIgniter.php(933): App\Controllers\MahasiswaController->store()
10 SYSTEMPATH\CodeIgniter.php(507): CodeIgniter\CodeIgniter->runController(Object(App\Controllers\MahasiswaController))
11 SYSTEMPATH\CodeIgniter.php(354): CodeIgniter\CodeIgniter->handleRequest(null, Object(Config\Cache), false)
12 SYSTEMPATH\Boot.php(334): CodeIgniter\CodeIgniter->run()
13 SYSTEMPATH\Boot.php(67): CodeIgniter\Boot::runCodeIgniter(Object(CodeIgniter\CodeIgniter))
14 FCPATH\index.php(56): CodeIgniter\Boot::bootWeb(Object(Config\Paths))
15 SYSTEMPATH\rewrite.php(44): require_once('D:\\xampp\\htdocs\\spp\\public\\index.php')
DEBUG - 2025-05-12 10:20:27 --> Session: Class initialized using 'CodeIgniter\Session\Handlers\FileHandler' driver.
WARNING - 2025-05-12 10:20:27 --> [DEPRECATED] Optional parameter $joins declared before required parameter $id_mahasiswa is implicitly treated as a required parameter in APPPATH\Models\mahasiswaModel.php on line 32.
 1 SYSTEMPATH\Autoloader\Autoloader.php(316): include_once('D:\\xampp\\htdocs\\spp\\system\\Debug\\Exceptions.php')
 2 SYSTEMPATH\Autoloader\Autoloader.php(295): CodeIgniter\Autoloader\Autoloader->includeFile('D:\\xampp\\htdocs\\spp\\app\\Models\\MahasiswaModel.php')
 3 SYSTEMPATH\Autoloader\Autoloader.php(271): CodeIgniter\Autoloader\Autoloader->loadInNamespace('App\\Models\\MahasiswaModel')
 4 APPPATH\Controllers\MahasiswaController.php(17): CodeIgniter\Autoloader\Autoloader->loadClass('App\\Models\\MahasiswaModel')
 5 SYSTEMPATH\CodeIgniter.php(903): App\Controllers\MahasiswaController->__construct()
 6 SYSTEMPATH\CodeIgniter.php(498): CodeIgniter\CodeIgniter->createController()
 7 SYSTEMPATH\CodeIgniter.php(354): CodeIgniter\CodeIgniter->handleRequest(null, Object(Config\Cache), false)
 8 SYSTEMPATH\Boot.php(334): CodeIgniter\CodeIgniter->run()
 9 SYSTEMPATH\Boot.php(67): CodeIgniter\Boot::runCodeIgniter(Object(CodeIgniter\CodeIgniter))
10 FCPATH\index.php(56): CodeIgniter\Boot::bootWeb(Object(Config\Paths))
11 SYSTEMPATH\rewrite.php(44): require_once('D:\\xampp\\htdocs\\spp\\public\\index.php')
DEBUG - 2025-05-12 10:20:31 --> Session: Class initialized using 'CodeIgniter\Session\Handlers\FileHandler' driver.
WARNING - 2025-05-12 10:20:31 --> [DEPRECATED] Optional parameter $joins declared before required parameter $id_mahasiswa is implicitly treated as a required parameter in APPPATH\Models\mahasiswaModel.php on line 32.
 1 SYSTEMPATH\Autoloader\Autoloader.php(316): include_once('D:\\xampp\\htdocs\\spp\\system\\Debug\\Exceptions.php')
 2 SYSTEMPATH\Autoloader\Autoloader.php(295): CodeIgniter\Autoloader\Autoloader->includeFile('D:\\xampp\\htdocs\\spp\\app\\Models\\MahasiswaModel.php')
 3 SYSTEMPATH\Autoloader\Autoloader.php(271): CodeIgniter\Autoloader\Autoloader->loadInNamespace('App\\Models\\MahasiswaModel')
 4 APPPATH\Controllers\MahasiswaController.php(17): CodeIgniter\Autoloader\Autoloader->loadClass('App\\Models\\MahasiswaModel')
 5 SYSTEMPATH\CodeIgniter.php(903): App\Controllers\MahasiswaController->__construct()
 6 SYSTEMPATH\CodeIgniter.php(498): CodeIgniter\CodeIgniter->createController()
 7 SYSTEMPATH\CodeIgniter.php(354): CodeIgniter\CodeIgniter->handleRequest(null, Object(Config\Cache), false)
 8 SYSTEMPATH\Boot.php(334): CodeIgniter\CodeIgniter->run()
 9 SYSTEMPATH\Boot.php(67): CodeIgniter\Boot::runCodeIgniter(Object(CodeIgniter\CodeIgniter))
10 FCPATH\index.php(56): CodeIgniter\Boot::bootWeb(Object(Config\Paths))
11 SYSTEMPATH\rewrite.php(44): require_once('D:\\xampp\\htdocs\\spp\\public\\index.php')
DEBUG - 2025-05-12 10:21:08 --> Session: Class initialized using 'CodeIgniter\Session\Handlers\FileHandler' driver.
WARNING - 2025-05-12 10:21:08 --> [DEPRECATED] Optional parameter $joins declared before required parameter $id_mahasiswa is implicitly treated as a required parameter in APPPATH\Models\mahasiswaModel.php on line 32.
 1 SYSTEMPATH\Autoloader\Autoloader.php(316): include_once('D:\\xampp\\htdocs\\spp\\system\\Debug\\Exceptions.php')
 2 SYSTEMPATH\Autoloader\Autoloader.php(295): CodeIgniter\Autoloader\Autoloader->includeFile('D:\\xampp\\htdocs\\spp\\app\\Models\\MahasiswaModel.php')
 3 SYSTEMPATH\Autoloader\Autoloader.php(271): CodeIgniter\Autoloader\Autoloader->loadInNamespace('App\\Models\\MahasiswaModel')
 4 APPPATH\Controllers\MahasiswaController.php(17): CodeIgniter\Autoloader\Autoloader->loadClass('App\\Models\\MahasiswaModel')
 5 SYSTEMPATH\CodeIgniter.php(903): App\Controllers\MahasiswaController->__construct()
 6 SYSTEMPATH\CodeIgniter.php(498): CodeIgniter\CodeIgniter->createController()
 7 SYSTEMPATH\CodeIgniter.php(354): CodeIgniter\CodeIgniter->handleRequest(null, Object(Config\Cache), false)
 8 SYSTEMPATH\Boot.php(334): CodeIgniter\CodeIgniter->run()
 9 SYSTEMPATH\Boot.php(67): CodeIgniter\Boot::runCodeIgniter(Object(CodeIgniter\CodeIgniter))
10 FCPATH\index.php(56): CodeIgniter\Boot::bootWeb(Object(Config\Paths))
11 SYSTEMPATH\rewrite.php(44): require_once('D:\\xampp\\htdocs\\spp\\public\\index.php')
ERROR - 2025-05-12 10:21:09 --> mysqli_sql_exception: Unknown column 'bulan_dibayar' in 'field list' in D:\xampp\htdocs\spp\system\Database\MySQLi\Connection.php:327
Stack trace:
#0 D:\xampp\htdocs\spp\system\Database\MySQLi\Connection.php(327): mysqli->query('INSERT INTO `pe...', 0)
#1 D:\xampp\htdocs\spp\system\Database\BaseConnection.php(738): CodeIgniter\Database\MySQLi\Connection->execute('INSERT INTO `pe...')
#2 D:\xampp\htdocs\spp\system\Database\BaseConnection.php(652): CodeIgniter\Database\BaseConnection->simpleQuery('INSERT INTO `pe...')
#3 D:\xampp\htdocs\spp\system\Database\BaseBuilder.php(1841): CodeIgniter\Database\BaseConnection->query('INSERT INTO `pe...', NULL, false)
#4 D:\xampp\htdocs\spp\system\Database\BaseBuilder.php(2230): CodeIgniter\Database\BaseBuilder->batchExecute('_insertBatch', 100)
#5 D:\xampp\htdocs\spp\system\Model.php(428): CodeIgniter\Database\BaseBuilder->insertBatch(Array, NULL, 100)
#6 D:\xampp\htdocs\spp\system\BaseModel.php(959): CodeIgniter\Model->doInsertBatch(Array, NULL, 100, false)
#7 D:\xampp\htdocs\spp\app\Models\PembayaranModel.php(28): CodeIgniter\BaseModel->insertBatch(Array)
#8 D:\xampp\htdocs\spp\app\Controllers\MahasiswaController.php(69): App\Models\PembayaranModel->createPembayaran(NULL, 4, '6')
#9 D:\xampp\htdocs\spp\system\CodeIgniter.php(933): App\Controllers\MahasiswaController->store()
#10 D:\xampp\htdocs\spp\system\CodeIgniter.php(507): CodeIgniter\CodeIgniter->runController(Object(App\Controllers\MahasiswaController))
#11 D:\xampp\htdocs\spp\system\CodeIgniter.php(354): CodeIgniter\CodeIgniter->handleRequest(NULL, Object(Config\Cache), false)
#12 D:\xampp\htdocs\spp\system\Boot.php(334): CodeIgniter\CodeIgniter->run()
#13 D:\xampp\htdocs\spp\system\Boot.php(67): CodeIgniter\Boot::runCodeIgniter(Object(CodeIgniter\CodeIgniter))
#14 D:\xampp\htdocs\spp\public\index.php(56): CodeIgniter\Boot::bootWeb(Object(Config\Paths))
#15 D:\xampp\htdocs\spp\system\rewrite.php(44): require_once('D:\\xampp\\htdocs...')
#16 {main}
CRITICAL - 2025-05-12 10:21:09 --> CodeIgniter\Database\Exceptions\DatabaseException: Unknown column 'bulan_dibayar' in 'field list'
[Method: POST, Route: mahasiswa/store]
in SYSTEMPATH\Database\BaseConnection.php on line 692.
 1 SYSTEMPATH\Database\BaseBuilder.php(1841): CodeIgniter\Database\BaseConnection->query('INSERT INTO `pembayaran` (`bulan_dibayar`, `id_petugas`, `id_siswa`, `id_spp`)
VALUES (\'Januari\',NULL,4,\'6\'), (\'Februari\',NULL,4,\'6\'), (\'Maret\',NULL,4,\'6\'), (\'April\',NULL,4,\'6\'), (\'Mei\',NULL,4,\'6\'), (\'Juni\',NULL,4,\'6\'), (\'Juli\',NULL,4,\'6\'), (\'Agustus\',NULL,4,\'6\'), (\'September\',NULL,4,\'6\'), (\'Oktober\',NULL,4,\'6\'), (\'November\',NULL,4,\'6\'), (\'Desember\',NULL,4,\'6\')', null, false)
 2 SYSTEMPATH\Database\BaseBuilder.php(2230): CodeIgniter\Database\BaseBuilder->batchExecute('_insertBatch', 100)
 3 SYSTEMPATH\Model.php(428): CodeIgniter\Database\BaseBuilder->insertBatch([...], null, 100)
 4 SYSTEMPATH\BaseModel.php(959): CodeIgniter\Model->doInsertBatch([...], null, 100, false)
 5 APPPATH\Models\PembayaranModel.php(28): CodeIgniter\BaseModel->insertBatch([...])
 6 APPPATH\Controllers\MahasiswaController.php(69): App\Models\PembayaranModel->createPembayaran(null, 4, '6')
 7 SYSTEMPATH\CodeIgniter.php(933): App\Controllers\MahasiswaController->store()
 8 SYSTEMPATH\CodeIgniter.php(507): CodeIgniter\CodeIgniter->runController(Object(App\Controllers\MahasiswaController))
 9 SYSTEMPATH\CodeIgniter.php(354): CodeIgniter\CodeIgniter->handleRequest(null, Object(Config\Cache), false)
10 SYSTEMPATH\Boot.php(334): CodeIgniter\CodeIgniter->run()
11 SYSTEMPATH\Boot.php(67): CodeIgniter\Boot::runCodeIgniter(Object(CodeIgniter\CodeIgniter))
12 FCPATH\index.php(56): CodeIgniter\Boot::bootWeb(Object(Config\Paths))
13 SYSTEMPATH\rewrite.php(44): require_once('D:\\xampp\\htdocs\\spp\\public\\index.php')
CRITICAL - 2025-05-12 10:21:09 --> [Caused by] CodeIgniter\Database\Exceptions\DatabaseException: Unknown column 'bulan_dibayar' in 'field list'
in SYSTEMPATH\Database\MySQLi\Connection.php on line 332.
 1 SYSTEMPATH\Database\BaseConnection.php(738): CodeIgniter\Database\MySQLi\Connection->execute('INSERT INTO `pembayaran` (`bulan_dibayar`, `id_petugas`, `id_siswa`, `id_spp`)
VALUES (\'Januari\',NULL,4,\'6\'), (\'Februari\',NULL,4,\'6\'), (\'Maret\',NULL,4,\'6\'), (\'April\',NULL,4,\'6\'), (\'Mei\',NULL,4,\'6\'), (\'Juni\',NULL,4,\'6\'), (\'Juli\',NULL,4,\'6\'), (\'Agustus\',NULL,4,\'6\'), (\'September\',NULL,4,\'6\'), (\'Oktober\',NULL,4,\'6\'), (\'November\',NULL,4,\'6\'), (\'Desember\',NULL,4,\'6\')')
 2 SYSTEMPATH\Database\BaseConnection.php(652): CodeIgniter\Database\BaseConnection->simpleQuery('INSERT INTO `pembayaran` (`bulan_dibayar`, `id_petugas`, `id_siswa`, `id_spp`)
VALUES (\'Januari\',NULL,4,\'6\'), (\'Februari\',NULL,4,\'6\'), (\'Maret\',NULL,4,\'6\'), (\'April\',NULL,4,\'6\'), (\'Mei\',NULL,4,\'6\'), (\'Juni\',NULL,4,\'6\'), (\'Juli\',NULL,4,\'6\'), (\'Agustus\',NULL,4,\'6\'), (\'September\',NULL,4,\'6\'), (\'Oktober\',NULL,4,\'6\'), (\'November\',NULL,4,\'6\'), (\'Desember\',NULL,4,\'6\')')
 3 SYSTEMPATH\Database\BaseBuilder.php(1841): CodeIgniter\Database\BaseConnection->query('INSERT INTO `pembayaran` (`bulan_dibayar`, `id_petugas`, `id_siswa`, `id_spp`)
VALUES (\'Januari\',NULL,4,\'6\'), (\'Februari\',NULL,4,\'6\'), (\'Maret\',NULL,4,\'6\'), (\'April\',NULL,4,\'6\'), (\'Mei\',NULL,4,\'6\'), (\'Juni\',NULL,4,\'6\'), (\'Juli\',NULL,4,\'6\'), (\'Agustus\',NULL,4,\'6\'), (\'September\',NULL,4,\'6\'), (\'Oktober\',NULL,4,\'6\'), (\'November\',NULL,4,\'6\'), (\'Desember\',NULL,4,\'6\')', null, false)
 4 SYSTEMPATH\Database\BaseBuilder.php(2230): CodeIgniter\Database\BaseBuilder->batchExecute('_insertBatch', 100)
 5 SYSTEMPATH\Model.php(428): CodeIgniter\Database\BaseBuilder->insertBatch([...], null, 100)
 6 SYSTEMPATH\BaseModel.php(959): CodeIgniter\Model->doInsertBatch([...], null, 100, false)
 7 APPPATH\Models\PembayaranModel.php(28): CodeIgniter\BaseModel->insertBatch([...])
 8 APPPATH\Controllers\MahasiswaController.php(69): App\Models\PembayaranModel->createPembayaran(null, 4, '6')
 9 SYSTEMPATH\CodeIgniter.php(933): App\Controllers\MahasiswaController->store()
10 SYSTEMPATH\CodeIgniter.php(507): CodeIgniter\CodeIgniter->runController(Object(App\Controllers\MahasiswaController))
11 SYSTEMPATH\CodeIgniter.php(354): CodeIgniter\CodeIgniter->handleRequest(null, Object(Config\Cache), false)
12 SYSTEMPATH\Boot.php(334): CodeIgniter\CodeIgniter->run()
13 SYSTEMPATH\Boot.php(67): CodeIgniter\Boot::runCodeIgniter(Object(CodeIgniter\CodeIgniter))
14 FCPATH\index.php(56): CodeIgniter\Boot::bootWeb(Object(Config\Paths))
15 SYSTEMPATH\rewrite.php(44): require_once('D:\\xampp\\htdocs\\spp\\public\\index.php')
CRITICAL - 2025-05-12 10:21:09 --> [Caused by] mysqli_sql_exception: Unknown column 'bulan_dibayar' in 'field list'
in SYSTEMPATH\Database\MySQLi\Connection.php on line 327.
 1 SYSTEMPATH\Database\MySQLi\Connection.php(327): mysqli->query('INSERT INTO `pembayaran` (`bulan_dibayar`, `id_petugas`, `id_siswa`, `id_spp`)
VALUES (\'Januari\',NULL,4,\'6\'), (\'Februari\',NULL,4,\'6\'), (\'Maret\',NULL,4,\'6\'), (\'April\',NULL,4,\'6\'), (\'Mei\',NULL,4,\'6\'), (\'Juni\',NULL,4,\'6\'), (\'Juli\',NULL,4,\'6\'), (\'Agustus\',NULL,4,\'6\'), (\'September\',NULL,4,\'6\'), (\'Oktober\',NULL,4,\'6\'), (\'November\',NULL,4,\'6\'), (\'Desember\',NULL,4,\'6\')', 0)
 2 SYSTEMPATH\Database\BaseConnection.php(738): CodeIgniter\Database\MySQLi\Connection->execute('INSERT INTO `pembayaran` (`bulan_dibayar`, `id_petugas`, `id_siswa`, `id_spp`)
VALUES (\'Januari\',NULL,4,\'6\'), (\'Februari\',NULL,4,\'6\'), (\'Maret\',NULL,4,\'6\'), (\'April\',NULL,4,\'6\'), (\'Mei\',NULL,4,\'6\'), (\'Juni\',NULL,4,\'6\'), (\'Juli\',NULL,4,\'6\'), (\'Agustus\',NULL,4,\'6\'), (\'September\',NULL,4,\'6\'), (\'Oktober\',NULL,4,\'6\'), (\'November\',NULL,4,\'6\'), (\'Desember\',NULL,4,\'6\')')
 3 SYSTEMPATH\Database\BaseConnection.php(652): CodeIgniter\Database\BaseConnection->simpleQuery('INSERT INTO `pembayaran` (`bulan_dibayar`, `id_petugas`, `id_siswa`, `id_spp`)
VALUES (\'Januari\',NULL,4,\'6\'), (\'Februari\',NULL,4,\'6\'), (\'Maret\',NULL,4,\'6\'), (\'April\',NULL,4,\'6\'), (\'Mei\',NULL,4,\'6\'), (\'Juni\',NULL,4,\'6\'), (\'Juli\',NULL,4,\'6\'), (\'Agustus\',NULL,4,\'6\'), (\'September\',NULL,4,\'6\'), (\'Oktober\',NULL,4,\'6\'), (\'November\',NULL,4,\'6\'), (\'Desember\',NULL,4,\'6\')')
 4 SYSTEMPATH\Database\BaseBuilder.php(1841): CodeIgniter\Database\BaseConnection->query('INSERT INTO `pembayaran` (`bulan_dibayar`, `id_petugas`, `id_siswa`, `id_spp`)
VALUES (\'Januari\',NULL,4,\'6\'), (\'Februari\',NULL,4,\'6\'), (\'Maret\',NULL,4,\'6\'), (\'April\',NULL,4,\'6\'), (\'Mei\',NULL,4,\'6\'), (\'Juni\',NULL,4,\'6\'), (\'Juli\',NULL,4,\'6\'), (\'Agustus\',NULL,4,\'6\'), (\'September\',NULL,4,\'6\'), (\'Oktober\',NULL,4,\'6\'), (\'November\',NULL,4,\'6\'), (\'Desember\',NULL,4,\'6\')', null, false)
 5 SYSTEMPATH\Database\BaseBuilder.php(2230): CodeIgniter\Database\BaseBuilder->batchExecute('_insertBatch', 100)
 6 SYSTEMPATH\Model.php(428): CodeIgniter\Database\BaseBuilder->insertBatch([...], null, 100)
 7 SYSTEMPATH\BaseModel.php(959): CodeIgniter\Model->doInsertBatch([...], null, 100, false)
 8 APPPATH\Models\PembayaranModel.php(28): CodeIgniter\BaseModel->insertBatch([...])
 9 APPPATH\Controllers\MahasiswaController.php(69): App\Models\PembayaranModel->createPembayaran(null, 4, '6')
10 SYSTEMPATH\CodeIgniter.php(933): App\Controllers\MahasiswaController->store()
11 SYSTEMPATH\CodeIgniter.php(507): CodeIgniter\CodeIgniter->runController(Object(App\Controllers\MahasiswaController))
12 SYSTEMPATH\CodeIgniter.php(354): CodeIgniter\CodeIgniter->handleRequest(null, Object(Config\Cache), false)
13 SYSTEMPATH\Boot.php(334): CodeIgniter\CodeIgniter->run()
14 SYSTEMPATH\Boot.php(67): CodeIgniter\Boot::runCodeIgniter(Object(CodeIgniter\CodeIgniter))
15 FCPATH\index.php(56): CodeIgniter\Boot::bootWeb(Object(Config\Paths))
16 SYSTEMPATH\rewrite.php(44): require_once('D:\\xampp\\htdocs\\spp\\public\\index.php')
DEBUG - 2025-05-12 10:22:36 --> Session: Class initialized using 'CodeIgniter\Session\Handlers\FileHandler' driver.
WARNING - 2025-05-12 10:22:36 --> [DEPRECATED] Optional parameter $joins declared before required parameter $id_mahasiswa is implicitly treated as a required parameter in APPPATH\Models\mahasiswaModel.php on line 32.
 1 SYSTEMPATH\Autoloader\Autoloader.php(316): include_once('D:\\xampp\\htdocs\\spp\\system\\Debug\\Exceptions.php')
 2 SYSTEMPATH\Autoloader\Autoloader.php(295): CodeIgniter\Autoloader\Autoloader->includeFile('D:\\xampp\\htdocs\\spp\\app\\Models\\MahasiswaModel.php')
 3 SYSTEMPATH\Autoloader\Autoloader.php(271): CodeIgniter\Autoloader\Autoloader->loadInNamespace('App\\Models\\MahasiswaModel')
 4 APPPATH\Controllers\MahasiswaController.php(17): CodeIgniter\Autoloader\Autoloader->loadClass('App\\Models\\MahasiswaModel')
 5 SYSTEMPATH\CodeIgniter.php(903): App\Controllers\MahasiswaController->__construct()
 6 SYSTEMPATH\CodeIgniter.php(498): CodeIgniter\CodeIgniter->createController()
 7 SYSTEMPATH\CodeIgniter.php(354): CodeIgniter\CodeIgniter->handleRequest(null, Object(Config\Cache), false)
 8 SYSTEMPATH\Boot.php(334): CodeIgniter\CodeIgniter->run()
 9 SYSTEMPATH\Boot.php(67): CodeIgniter\Boot::runCodeIgniter(Object(CodeIgniter\CodeIgniter))
10 FCPATH\index.php(56): CodeIgniter\Boot::bootWeb(Object(Config\Paths))
11 SYSTEMPATH\rewrite.php(44): require_once('D:\\xampp\\htdocs\\spp\\public\\index.php')
DEBUG - 2025-05-12 10:22:56 --> Session: Class initialized using 'CodeIgniter\Session\Handlers\FileHandler' driver.
WARNING - 2025-05-12 10:22:56 --> [DEPRECATED] Optional parameter $joins declared before required parameter $id_mahasiswa is implicitly treated as a required parameter in APPPATH\Models\mahasiswaModel.php on line 32.
 1 SYSTEMPATH\Autoloader\Autoloader.php(316): include_once('D:\\xampp\\htdocs\\spp\\system\\Debug\\Exceptions.php')
 2 SYSTEMPATH\Autoloader\Autoloader.php(295): CodeIgniter\Autoloader\Autoloader->includeFile('D:\\xampp\\htdocs\\spp\\app\\Models\\MahasiswaModel.php')
 3 SYSTEMPATH\Autoloader\Autoloader.php(271): CodeIgniter\Autoloader\Autoloader->loadInNamespace('App\\Models\\MahasiswaModel')
 4 APPPATH\Controllers\MahasiswaController.php(17): CodeIgniter\Autoloader\Autoloader->loadClass('App\\Models\\MahasiswaModel')
 5 SYSTEMPATH\CodeIgniter.php(903): App\Controllers\MahasiswaController->__construct()
 6 SYSTEMPATH\CodeIgniter.php(498): CodeIgniter\CodeIgniter->createController()
 7 SYSTEMPATH\CodeIgniter.php(354): CodeIgniter\CodeIgniter->handleRequest(null, Object(Config\Cache), false)
 8 SYSTEMPATH\Boot.php(334): CodeIgniter\CodeIgniter->run()
 9 SYSTEMPATH\Boot.php(67): CodeIgniter\Boot::runCodeIgniter(Object(CodeIgniter\CodeIgniter))
10 FCPATH\index.php(56): CodeIgniter\Boot::bootWeb(Object(Config\Paths))
11 SYSTEMPATH\rewrite.php(44): require_once('D:\\xampp\\htdocs\\spp\\public\\index.php')
DEBUG - 2025-05-12 10:23:12 --> Session: Class initialized using 'CodeIgniter\Session\Handlers\FileHandler' driver.
WARNING - 2025-05-12 10:23:12 --> [DEPRECATED] Optional parameter $joins declared before required parameter $id_mahasiswa is implicitly treated as a required parameter in APPPATH\Models\mahasiswaModel.php on line 32.
 1 SYSTEMPATH\Autoloader\Autoloader.php(316): include_once('D:\\xampp\\htdocs\\spp\\system\\Debug\\Exceptions.php')
 2 SYSTEMPATH\Autoloader\Autoloader.php(295): CodeIgniter\Autoloader\Autoloader->includeFile('D:\\xampp\\htdocs\\spp\\app\\Models\\MahasiswaModel.php')
 3 SYSTEMPATH\Autoloader\Autoloader.php(271): CodeIgniter\Autoloader\Autoloader->loadInNamespace('App\\Models\\MahasiswaModel')
 4 APPPATH\Controllers\MahasiswaController.php(17): CodeIgniter\Autoloader\Autoloader->loadClass('App\\Models\\MahasiswaModel')
 5 SYSTEMPATH\CodeIgniter.php(903): App\Controllers\MahasiswaController->__construct()
 6 SYSTEMPATH\CodeIgniter.php(498): CodeIgniter\CodeIgniter->createController()
 7 SYSTEMPATH\CodeIgniter.php(354): CodeIgniter\CodeIgniter->handleRequest(null, Object(Config\Cache), false)
 8 SYSTEMPATH\Boot.php(334): CodeIgniter\CodeIgniter->run()
 9 SYSTEMPATH\Boot.php(67): CodeIgniter\Boot::runCodeIgniter(Object(CodeIgniter\CodeIgniter))
10 FCPATH\index.php(56): CodeIgniter\Boot::bootWeb(Object(Config\Paths))
11 SYSTEMPATH\rewrite.php(44): require_once('D:\\xampp\\htdocs\\spp\\public\\index.php')
ERROR - 2025-05-12 10:23:12 --> mysqli_sql_exception: Unknown column 'id_siswa' in 'field list' in D:\xampp\htdocs\spp\system\Database\MySQLi\Connection.php:327
Stack trace:
#0 D:\xampp\htdocs\spp\system\Database\MySQLi\Connection.php(327): mysqli->query('INSERT INTO `pe...', 0)
#1 D:\xampp\htdocs\spp\system\Database\BaseConnection.php(738): CodeIgniter\Database\MySQLi\Connection->execute('INSERT INTO `pe...')
#2 D:\xampp\htdocs\spp\system\Database\BaseConnection.php(652): CodeIgniter\Database\BaseConnection->simpleQuery('INSERT INTO `pe...')
#3 D:\xampp\htdocs\spp\system\Database\BaseBuilder.php(1841): CodeIgniter\Database\BaseConnection->query('INSERT INTO `pe...', NULL, false)
#4 D:\xampp\htdocs\spp\system\Database\BaseBuilder.php(2230): CodeIgniter\Database\BaseBuilder->batchExecute('_insertBatch', 100)
#5 D:\xampp\htdocs\spp\system\Model.php(428): CodeIgniter\Database\BaseBuilder->insertBatch(Array, NULL, 100)
#6 D:\xampp\htdocs\spp\system\BaseModel.php(959): CodeIgniter\Model->doInsertBatch(Array, NULL, 100, false)
#7 D:\xampp\htdocs\spp\app\Models\PembayaranModel.php(28): CodeIgniter\BaseModel->insertBatch(Array)
#8 D:\xampp\htdocs\spp\app\Controllers\MahasiswaController.php(69): App\Models\PembayaranModel->createPembayaran(NULL, 5, '6')
#9 D:\xampp\htdocs\spp\system\CodeIgniter.php(933): App\Controllers\MahasiswaController->store()
#10 D:\xampp\htdocs\spp\system\CodeIgniter.php(507): CodeIgniter\CodeIgniter->runController(Object(App\Controllers\MahasiswaController))
#11 D:\xampp\htdocs\spp\system\CodeIgniter.php(354): CodeIgniter\CodeIgniter->handleRequest(NULL, Object(Config\Cache), false)
#12 D:\xampp\htdocs\spp\system\Boot.php(334): CodeIgniter\CodeIgniter->run()
#13 D:\xampp\htdocs\spp\system\Boot.php(67): CodeIgniter\Boot::runCodeIgniter(Object(CodeIgniter\CodeIgniter))
#14 D:\xampp\htdocs\spp\public\index.php(56): CodeIgniter\Boot::bootWeb(Object(Config\Paths))
#15 D:\xampp\htdocs\spp\system\rewrite.php(44): require_once('D:\\xampp\\htdocs...')
#16 {main}
CRITICAL - 2025-05-12 10:23:12 --> CodeIgniter\Database\Exceptions\DatabaseException: Unknown column 'id_siswa' in 'field list'
[Method: POST, Route: mahasiswa/store]
in SYSTEMPATH\Database\BaseConnection.php on line 692.
 1 SYSTEMPATH\Database\BaseBuilder.php(1841): CodeIgniter\Database\BaseConnection->query('INSERT INTO `pembayaran` (`bulan_bayar`, `id_petugas`, `id_siswa`, `id_spp`)
VALUES (\'Januari\',NULL,5,\'6\'), (\'Februari\',NULL,5,\'6\'), (\'Maret\',NULL,5,\'6\'), (\'April\',NULL,5,\'6\'), (\'Mei\',NULL,5,\'6\'), (\'Juni\',NULL,5,\'6\'), (\'Juli\',NULL,5,\'6\'), (\'Agustus\',NULL,5,\'6\'), (\'September\',NULL,5,\'6\'), (\'Oktober\',NULL,5,\'6\'), (\'November\',NULL,5,\'6\'), (\'Desember\',NULL,5,\'6\')', null, false)
 2 SYSTEMPATH\Database\BaseBuilder.php(2230): CodeIgniter\Database\BaseBuilder->batchExecute('_insertBatch', 100)
 3 SYSTEMPATH\Model.php(428): CodeIgniter\Database\BaseBuilder->insertBatch([...], null, 100)
 4 SYSTEMPATH\BaseModel.php(959): CodeIgniter\Model->doInsertBatch([...], null, 100, false)
 5 APPPATH\Models\PembayaranModel.php(28): CodeIgniter\BaseModel->insertBatch([...])
 6 APPPATH\Controllers\MahasiswaController.php(69): App\Models\PembayaranModel->createPembayaran(null, 5, '6')
 7 SYSTEMPATH\CodeIgniter.php(933): App\Controllers\MahasiswaController->store()
 8 SYSTEMPATH\CodeIgniter.php(507): CodeIgniter\CodeIgniter->runController(Object(App\Controllers\MahasiswaController))
 9 SYSTEMPATH\CodeIgniter.php(354): CodeIgniter\CodeIgniter->handleRequest(null, Object(Config\Cache), false)
10 SYSTEMPATH\Boot.php(334): CodeIgniter\CodeIgniter->run()
11 SYSTEMPATH\Boot.php(67): CodeIgniter\Boot::runCodeIgniter(Object(CodeIgniter\CodeIgniter))
12 FCPATH\index.php(56): CodeIgniter\Boot::bootWeb(Object(Config\Paths))
13 SYSTEMPATH\rewrite.php(44): require_once('D:\\xampp\\htdocs\\spp\\public\\index.php')
CRITICAL - 2025-05-12 10:23:12 --> [Caused by] CodeIgniter\Database\Exceptions\DatabaseException: Unknown column 'id_siswa' in 'field list'
in SYSTEMPATH\Database\MySQLi\Connection.php on line 332.
 1 SYSTEMPATH\Database\BaseConnection.php(738): CodeIgniter\Database\MySQLi\Connection->execute('INSERT INTO `pembayaran` (`bulan_bayar`, `id_petugas`, `id_siswa`, `id_spp`)
VALUES (\'Januari\',NULL,5,\'6\'), (\'Februari\',NULL,5,\'6\'), (\'Maret\',NULL,5,\'6\'), (\'April\',NULL,5,\'6\'), (\'Mei\',NULL,5,\'6\'), (\'Juni\',NULL,5,\'6\'), (\'Juli\',NULL,5,\'6\'), (\'Agustus\',NULL,5,\'6\'), (\'September\',NULL,5,\'6\'), (\'Oktober\',NULL,5,\'6\'), (\'November\',NULL,5,\'6\'), (\'Desember\',NULL,5,\'6\')')
 2 SYSTEMPATH\Database\BaseConnection.php(652): CodeIgniter\Database\BaseConnection->simpleQuery('INSERT INTO `pembayaran` (`bulan_bayar`, `id_petugas`, `id_siswa`, `id_spp`)
VALUES (\'Januari\',NULL,5,\'6\'), (\'Februari\',NULL,5,\'6\'), (\'Maret\',NULL,5,\'6\'), (\'April\',NULL,5,\'6\'), (\'Mei\',NULL,5,\'6\'), (\'Juni\',NULL,5,\'6\'), (\'Juli\',NULL,5,\'6\'), (\'Agustus\',NULL,5,\'6\'), (\'September\',NULL,5,\'6\'), (\'Oktober\',NULL,5,\'6\'), (\'November\',NULL,5,\'6\'), (\'Desember\',NULL,5,\'6\')')
 3 SYSTEMPATH\Database\BaseBuilder.php(1841): CodeIgniter\Database\BaseConnection->query('INSERT INTO `pembayaran` (`bulan_bayar`, `id_petugas`, `id_siswa`, `id_spp`)
VALUES (\'Januari\',NULL,5,\'6\'), (\'Februari\',NULL,5,\'6\'), (\'Maret\',NULL,5,\'6\'), (\'April\',NULL,5,\'6\'), (\'Mei\',NULL,5,\'6\'), (\'Juni\',NULL,5,\'6\'), (\'Juli\',NULL,5,\'6\'), (\'Agustus\',NULL,5,\'6\'), (\'September\',NULL,5,\'6\'), (\'Oktober\',NULL,5,\'6\'), (\'November\',NULL,5,\'6\'), (\'Desember\',NULL,5,\'6\')', null, false)
 4 SYSTEMPATH\Database\BaseBuilder.php(2230): CodeIgniter\Database\BaseBuilder->batchExecute('_insertBatch', 100)
 5 SYSTEMPATH\Model.php(428): CodeIgniter\Database\BaseBuilder->insertBatch([...], null, 100)
 6 SYSTEMPATH\BaseModel.php(959): CodeIgniter\Model->doInsertBatch([...], null, 100, false)
 7 APPPATH\Models\PembayaranModel.php(28): CodeIgniter\BaseModel->insertBatch([...])
 8 APPPATH\Controllers\MahasiswaController.php(69): App\Models\PembayaranModel->createPembayaran(null, 5, '6')
 9 SYSTEMPATH\CodeIgniter.php(933): App\Controllers\MahasiswaController->store()
10 SYSTEMPATH\CodeIgniter.php(507): CodeIgniter\CodeIgniter->runController(Object(App\Controllers\MahasiswaController))
11 SYSTEMPATH\CodeIgniter.php(354): CodeIgniter\CodeIgniter->handleRequest(null, Object(Config\Cache), false)
12 SYSTEMPATH\Boot.php(334): CodeIgniter\CodeIgniter->run()
13 SYSTEMPATH\Boot.php(67): CodeIgniter\Boot::runCodeIgniter(Object(CodeIgniter\CodeIgniter))
14 FCPATH\index.php(56): CodeIgniter\Boot::bootWeb(Object(Config\Paths))
15 SYSTEMPATH\rewrite.php(44): require_once('D:\\xampp\\htdocs\\spp\\public\\index.php')
CRITICAL - 2025-05-12 10:23:12 --> [Caused by] mysqli_sql_exception: Unknown column 'id_siswa' in 'field list'
in SYSTEMPATH\Database\MySQLi\Connection.php on line 327.
 1 SYSTEMPATH\Database\MySQLi\Connection.php(327): mysqli->query('INSERT INTO `pembayaran` (`bulan_bayar`, `id_petugas`, `id_siswa`, `id_spp`)
VALUES (\'Januari\',NULL,5,\'6\'), (\'Februari\',NULL,5,\'6\'), (\'Maret\',NULL,5,\'6\'), (\'April\',NULL,5,\'6\'), (\'Mei\',NULL,5,\'6\'), (\'Juni\',NULL,5,\'6\'), (\'Juli\',NULL,5,\'6\'), (\'Agustus\',NULL,5,\'6\'), (\'September\',NULL,5,\'6\'), (\'Oktober\',NULL,5,\'6\'), (\'November\',NULL,5,\'6\'), (\'Desember\',NULL,5,\'6\')', 0)
 2 SYSTEMPATH\Database\BaseConnection.php(738): CodeIgniter\Database\MySQLi\Connection->execute('INSERT INTO `pembayaran` (`bulan_bayar`, `id_petugas`, `id_siswa`, `id_spp`)
VALUES (\'Januari\',NULL,5,\'6\'), (\'Februari\',NULL,5,\'6\'), (\'Maret\',NULL,5,\'6\'), (\'April\',NULL,5,\'6\'), (\'Mei\',NULL,5,\'6\'), (\'Juni\',NULL,5,\'6\'), (\'Juli\',NULL,5,\'6\'), (\'Agustus\',NULL,5,\'6\'), (\'September\',NULL,5,\'6\'), (\'Oktober\',NULL,5,\'6\'), (\'November\',NULL,5,\'6\'), (\'Desember\',NULL,5,\'6\')')
 3 SYSTEMPATH\Database\BaseConnection.php(652): CodeIgniter\Database\BaseConnection->simpleQuery('INSERT INTO `pembayaran` (`bulan_bayar`, `id_petugas`, `id_siswa`, `id_spp`)
VALUES (\'Januari\',NULL,5,\'6\'), (\'Februari\',NULL,5,\'6\'), (\'Maret\',NULL,5,\'6\'), (\'April\',NULL,5,\'6\'), (\'Mei\',NULL,5,\'6\'), (\'Juni\',NULL,5,\'6\'), (\'Juli\',NULL,5,\'6\'), (\'Agustus\',NULL,5,\'6\'), (\'September\',NULL,5,\'6\'), (\'Oktober\',NULL,5,\'6\'), (\'November\',NULL,5,\'6\'), (\'Desember\',NULL,5,\'6\')')
 4 SYSTEMPATH\Database\BaseBuilder.php(1841): CodeIgniter\Database\BaseConnection->query('INSERT INTO `pembayaran` (`bulan_bayar`, `id_petugas`, `id_siswa`, `id_spp`)
VALUES (\'Januari\',NULL,5,\'6\'), (\'Februari\',NULL,5,\'6\'), (\'Maret\',NULL,5,\'6\'), (\'April\',NULL,5,\'6\'), (\'Mei\',NULL,5,\'6\'), (\'Juni\',NULL,5,\'6\'), (\'Juli\',NULL,5,\'6\'), (\'Agustus\',NULL,5,\'6\'), (\'September\',NULL,5,\'6\'), (\'Oktober\',NULL,5,\'6\'), (\'November\',NULL,5,\'6\'), (\'Desember\',NULL,5,\'6\')', null, false)
 5 SYSTEMPATH\Database\BaseBuilder.php(2230): CodeIgniter\Database\BaseBuilder->batchExecute('_insertBatch', 100)
 6 SYSTEMPATH\Model.php(428): CodeIgniter\Database\BaseBuilder->insertBatch([...], null, 100)
 7 SYSTEMPATH\BaseModel.php(959): CodeIgniter\Model->doInsertBatch([...], null, 100, false)
 8 APPPATH\Models\PembayaranModel.php(28): CodeIgniter\BaseModel->insertBatch([...])
 9 APPPATH\Controllers\MahasiswaController.php(69): App\Models\PembayaranModel->createPembayaran(null, 5, '6')
10 SYSTEMPATH\CodeIgniter.php(933): App\Controllers\MahasiswaController->store()
11 SYSTEMPATH\CodeIgniter.php(507): CodeIgniter\CodeIgniter->runController(Object(App\Controllers\MahasiswaController))
12 SYSTEMPATH\CodeIgniter.php(354): CodeIgniter\CodeIgniter->handleRequest(null, Object(Config\Cache), false)
13 SYSTEMPATH\Boot.php(334): CodeIgniter\CodeIgniter->run()
14 SYSTEMPATH\Boot.php(67): CodeIgniter\Boot::runCodeIgniter(Object(CodeIgniter\CodeIgniter))
15 FCPATH\index.php(56): CodeIgniter\Boot::bootWeb(Object(Config\Paths))
16 SYSTEMPATH\rewrite.php(44): require_once('D:\\xampp\\htdocs\\spp\\public\\index.php')
DEBUG - 2025-05-12 10:25:00 --> Session: Class initialized using 'CodeIgniter\Session\Handlers\FileHandler' driver.
WARNING - 2025-05-12 10:25:00 --> [DEPRECATED] Optional parameter $joins declared before required parameter $id_mahasiswa is implicitly treated as a required parameter in APPPATH\Models\mahasiswaModel.php on line 32.
 1 SYSTEMPATH\Autoloader\Autoloader.php(316): include_once('D:\\xampp\\htdocs\\spp\\system\\Debug\\Exceptions.php')
 2 SYSTEMPATH\Autoloader\Autoloader.php(295): CodeIgniter\Autoloader\Autoloader->includeFile('D:\\xampp\\htdocs\\spp\\app\\Models\\MahasiswaModel.php')
 3 SYSTEMPATH\Autoloader\Autoloader.php(271): CodeIgniter\Autoloader\Autoloader->loadInNamespace('App\\Models\\MahasiswaModel')
 4 APPPATH\Controllers\MahasiswaController.php(17): CodeIgniter\Autoloader\Autoloader->loadClass('App\\Models\\MahasiswaModel')
 5 SYSTEMPATH\CodeIgniter.php(903): App\Controllers\MahasiswaController->__construct()
 6 SYSTEMPATH\CodeIgniter.php(498): CodeIgniter\CodeIgniter->createController()
 7 SYSTEMPATH\CodeIgniter.php(354): CodeIgniter\CodeIgniter->handleRequest(null, Object(Config\Cache), false)
 8 SYSTEMPATH\Boot.php(334): CodeIgniter\CodeIgniter->run()
 9 SYSTEMPATH\Boot.php(67): CodeIgniter\Boot::runCodeIgniter(Object(CodeIgniter\CodeIgniter))
10 FCPATH\index.php(56): CodeIgniter\Boot::bootWeb(Object(Config\Paths))
11 SYSTEMPATH\rewrite.php(44): require_once('D:\\xampp\\htdocs\\spp\\public\\index.php')
ERROR - 2025-05-12 10:25:00 --> mysqli_sql_exception: Cannot add or update a child row: a foreign key constraint fails (`mkp_ci4`.`pembayaran`, CONSTRAINT `pembayaran_ibfk_1` FOREIGN KEY (`id_petugas`) REFERENCES `petugas` (`id_petugas`)) in D:\xampp\htdocs\spp\system\Database\MySQLi\Connection.php:327
Stack trace:
#0 D:\xampp\htdocs\spp\system\Database\MySQLi\Connection.php(327): mysqli->query('INSERT INTO `pe...', 0)
#1 D:\xampp\htdocs\spp\system\Database\BaseConnection.php(738): CodeIgniter\Database\MySQLi\Connection->execute('INSERT INTO `pe...')
#2 D:\xampp\htdocs\spp\system\Database\BaseConnection.php(652): CodeIgniter\Database\BaseConnection->simpleQuery('INSERT INTO `pe...')
#3 D:\xampp\htdocs\spp\system\Database\BaseBuilder.php(1841): CodeIgniter\Database\BaseConnection->query('INSERT INTO `pe...', NULL, false)
#4 D:\xampp\htdocs\spp\system\Database\BaseBuilder.php(2230): CodeIgniter\Database\BaseBuilder->batchExecute('_insertBatch', 100)
#5 D:\xampp\htdocs\spp\system\Model.php(428): CodeIgniter\Database\BaseBuilder->insertBatch(Array, NULL, 100)
#6 D:\xampp\htdocs\spp\system\BaseModel.php(959): CodeIgniter\Model->doInsertBatch(Array, NULL, 100, false)
#7 D:\xampp\htdocs\spp\app\Models\PembayaranModel.php(28): CodeIgniter\BaseModel->insertBatch(Array)
#8 D:\xampp\htdocs\spp\app\Controllers\MahasiswaController.php(69): App\Models\PembayaranModel->createPembayaran(NULL, 6, '6')
#9 D:\xampp\htdocs\spp\system\CodeIgniter.php(933): App\Controllers\MahasiswaController->store()
#10 D:\xampp\htdocs\spp\system\CodeIgniter.php(507): CodeIgniter\CodeIgniter->runController(Object(App\Controllers\MahasiswaController))
#11 D:\xampp\htdocs\spp\system\CodeIgniter.php(354): CodeIgniter\CodeIgniter->handleRequest(NULL, Object(Config\Cache), false)
#12 D:\xampp\htdocs\spp\system\Boot.php(334): CodeIgniter\CodeIgniter->run()
#13 D:\xampp\htdocs\spp\system\Boot.php(67): CodeIgniter\Boot::runCodeIgniter(Object(CodeIgniter\CodeIgniter))
#14 D:\xampp\htdocs\spp\public\index.php(56): CodeIgniter\Boot::bootWeb(Object(Config\Paths))
#15 D:\xampp\htdocs\spp\system\rewrite.php(44): require_once('D:\\xampp\\htdocs...')
#16 {main}
CRITICAL - 2025-05-12 10:25:00 --> CodeIgniter\Database\Exceptions\DatabaseException: Cannot add or update a child row: a foreign key constraint fails (`mkp_ci4`.`pembayaran`, CONSTRAINT `pembayaran_ibfk_1` FOREIGN KEY (`id_petugas`) REFERENCES `petugas` (`id_petugas`))
[Method: POST, Route: mahasiswa/store]
in SYSTEMPATH\Database\BaseConnection.php on line 692.
 1 SYSTEMPATH\Database\BaseBuilder.php(1841): CodeIgniter\Database\BaseConnection->query('INSERT INTO `pembayaran` (`bulan_bayar`, `id_mahasiswa`, `id_petugas`, `id_spp`)
VALUES (\'Januari\',6,NULL,\'6\'), (\'Februari\',6,NULL,\'6\'), (\'Maret\',6,NULL,\'6\'), (\'April\',6,NULL,\'6\'), (\'Mei\',6,NULL,\'6\'), (\'Juni\',6,NULL,\'6\'), (\'Juli\',6,NULL,\'6\'), (\'Agustus\',6,NULL,\'6\'), (\'September\',6,NULL,\'6\'), (\'Oktober\',6,NULL,\'6\'), (\'November\',6,NULL,\'6\'), (\'Desember\',6,NULL,\'6\')', null, false)
 2 SYSTEMPATH\Database\BaseBuilder.php(2230): CodeIgniter\Database\BaseBuilder->batchExecute('_insertBatch', 100)
 3 SYSTEMPATH\Model.php(428): CodeIgniter\Database\BaseBuilder->insertBatch([...], null, 100)
 4 SYSTEMPATH\BaseModel.php(959): CodeIgniter\Model->doInsertBatch([...], null, 100, false)
 5 APPPATH\Models\PembayaranModel.php(28): CodeIgniter\BaseModel->insertBatch([...])
 6 APPPATH\Controllers\MahasiswaController.php(69): App\Models\PembayaranModel->createPembayaran(null, 6, '6')
 7 SYSTEMPATH\CodeIgniter.php(933): App\Controllers\MahasiswaController->store()
 8 SYSTEMPATH\CodeIgniter.php(507): CodeIgniter\CodeIgniter->runController(Object(App\Controllers\MahasiswaController))
 9 SYSTEMPATH\CodeIgniter.php(354): CodeIgniter\CodeIgniter->handleRequest(null, Object(Config\Cache), false)
10 SYSTEMPATH\Boot.php(334): CodeIgniter\CodeIgniter->run()
11 SYSTEMPATH\Boot.php(67): CodeIgniter\Boot::runCodeIgniter(Object(CodeIgniter\CodeIgniter))
12 FCPATH\index.php(56): CodeIgniter\Boot::bootWeb(Object(Config\Paths))
13 SYSTEMPATH\rewrite.php(44): require_once('D:\\xampp\\htdocs\\spp\\public\\index.php')
CRITICAL - 2025-05-12 10:25:00 --> [Caused by] CodeIgniter\Database\Exceptions\DatabaseException: Cannot add or update a child row: a foreign key constraint fails (`mkp_ci4`.`pembayaran`, CONSTRAINT `pembayaran_ibfk_1` FOREIGN KEY (`id_petugas`) REFERENCES `petugas` (`id_petugas`))
in SYSTEMPATH\Database\MySQLi\Connection.php on line 332.
 1 SYSTEMPATH\Database\BaseConnection.php(738): CodeIgniter\Database\MySQLi\Connection->execute('INSERT INTO `pembayaran` (`bulan_bayar`, `id_mahasiswa`, `id_petugas`, `id_spp`)
VALUES (\'Januari\',6,NULL,\'6\'), (\'Februari\',6,NULL,\'6\'), (\'Maret\',6,NULL,\'6\'), (\'April\',6,NULL,\'6\'), (\'Mei\',6,NULL,\'6\'), (\'Juni\',6,NULL,\'6\'), (\'Juli\',6,NULL,\'6\'), (\'Agustus\',6,NULL,\'6\'), (\'September\',6,NULL,\'6\'), (\'Oktober\',6,NULL,\'6\'), (\'November\',6,NULL,\'6\'), (\'Desember\',6,NULL,\'6\')')
 2 SYSTEMPATH\Database\BaseConnection.php(652): CodeIgniter\Database\BaseConnection->simpleQuery('INSERT INTO `pembayaran` (`bulan_bayar`, `id_mahasiswa`, `id_petugas`, `id_spp`)
VALUES (\'Januari\',6,NULL,\'6\'), (\'Februari\',6,NULL,\'6\'), (\'Maret\',6,NULL,\'6\'), (\'April\',6,NULL,\'6\'), (\'Mei\',6,NULL,\'6\'), (\'Juni\',6,NULL,\'6\'), (\'Juli\',6,NULL,\'6\'), (\'Agustus\',6,NULL,\'6\'), (\'September\',6,NULL,\'6\'), (\'Oktober\',6,NULL,\'6\'), (\'November\',6,NULL,\'6\'), (\'Desember\',6,NULL,\'6\')')
 3 SYSTEMPATH\Database\BaseBuilder.php(1841): CodeIgniter\Database\BaseConnection->query('INSERT INTO `pembayaran` (`bulan_bayar`, `id_mahasiswa`, `id_petugas`, `id_spp`)
VALUES (\'Januari\',6,NULL,\'6\'), (\'Februari\',6,NULL,\'6\'), (\'Maret\',6,NULL,\'6\'), (\'April\',6,NULL,\'6\'), (\'Mei\',6,NULL,\'6\'), (\'Juni\',6,NULL,\'6\'), (\'Juli\',6,NULL,\'6\'), (\'Agustus\',6,NULL,\'6\'), (\'September\',6,NULL,\'6\'), (\'Oktober\',6,NULL,\'6\'), (\'November\',6,NULL,\'6\'), (\'Desember\',6,NULL,\'6\')', null, false)
 4 SYSTEMPATH\Database\BaseBuilder.php(2230): CodeIgniter\Database\BaseBuilder->batchExecute('_insertBatch', 100)
 5 SYSTEMPATH\Model.php(428): CodeIgniter\Database\BaseBuilder->insertBatch([...], null, 100)
 6 SYSTEMPATH\BaseModel.php(959): CodeIgniter\Model->doInsertBatch([...], null, 100, false)
 7 APPPATH\Models\PembayaranModel.php(28): CodeIgniter\BaseModel->insertBatch([...])
 8 APPPATH\Controllers\MahasiswaController.php(69): App\Models\PembayaranModel->createPembayaran(null, 6, '6')
 9 SYSTEMPATH\CodeIgniter.php(933): App\Controllers\MahasiswaController->store()
10 SYSTEMPATH\CodeIgniter.php(507): CodeIgniter\CodeIgniter->runController(Object(App\Controllers\MahasiswaController))
11 SYSTEMPATH\CodeIgniter.php(354): CodeIgniter\CodeIgniter->handleRequest(null, Object(Config\Cache), false)
12 SYSTEMPATH\Boot.php(334): CodeIgniter\CodeIgniter->run()
13 SYSTEMPATH\Boot.php(67): CodeIgniter\Boot::runCodeIgniter(Object(CodeIgniter\CodeIgniter))
14 FCPATH\index.php(56): CodeIgniter\Boot::bootWeb(Object(Config\Paths))
15 SYSTEMPATH\rewrite.php(44): require_once('D:\\xampp\\htdocs\\spp\\public\\index.php')
CRITICAL - 2025-05-12 10:25:00 --> [Caused by] mysqli_sql_exception: Cannot add or update a child row: a foreign key constraint fails (`mkp_ci4`.`pembayaran`, CONSTRAINT `pembayaran_ibfk_1` FOREIGN KEY (`id_petugas`) REFERENCES `petugas` (`id_petugas`))
in SYSTEMPATH\Database\MySQLi\Connection.php on line 327.
 1 SYSTEMPATH\Database\MySQLi\Connection.php(327): mysqli->query('INSERT INTO `pembayaran` (`bulan_bayar`, `id_mahasiswa`, `id_petugas`, `id_spp`)
VALUES (\'Januari\',6,NULL,\'6\'), (\'Februari\',6,NULL,\'6\'), (\'Maret\',6,NULL,\'6\'), (\'April\',6,NULL,\'6\'), (\'Mei\',6,NULL,\'6\'), (\'Juni\',6,NULL,\'6\'), (\'Juli\',6,NULL,\'6\'), (\'Agustus\',6,NULL,\'6\'), (\'September\',6,NULL,\'6\'), (\'Oktober\',6,NULL,\'6\'), (\'November\',6,NULL,\'6\'), (\'Desember\',6,NULL,\'6\')', 0)
 2 SYSTEMPATH\Database\BaseConnection.php(738): CodeIgniter\Database\MySQLi\Connection->execute('INSERT INTO `pembayaran` (`bulan_bayar`, `id_mahasiswa`, `id_petugas`, `id_spp`)
VALUES (\'Januari\',6,NULL,\'6\'), (\'Februari\',6,NULL,\'6\'), (\'Maret\',6,NULL,\'6\'), (\'April\',6,NULL,\'6\'), (\'Mei\',6,NULL,\'6\'), (\'Juni\',6,NULL,\'6\'), (\'Juli\',6,NULL,\'6\'), (\'Agustus\',6,NULL,\'6\'), (\'September\',6,NULL,\'6\'), (\'Oktober\',6,NULL,\'6\'), (\'November\',6,NULL,\'6\'), (\'Desember\',6,NULL,\'6\')')
 3 SYSTEMPATH\Database\BaseConnection.php(652): CodeIgniter\Database\BaseConnection->simpleQuery('INSERT INTO `pembayaran` (`bulan_bayar`, `id_mahasiswa`, `id_petugas`, `id_spp`)
VALUES (\'Januari\',6,NULL,\'6\'), (\'Februari\',6,NULL,\'6\'), (\'Maret\',6,NULL,\'6\'), (\'April\',6,NULL,\'6\'), (\'Mei\',6,NULL,\'6\'), (\'Juni\',6,NULL,\'6\'), (\'Juli\',6,NULL,\'6\'), (\'Agustus\',6,NULL,\'6\'), (\'September\',6,NULL,\'6\'), (\'Oktober\',6,NULL,\'6\'), (\'November\',6,NULL,\'6\'), (\'Desember\',6,NULL,\'6\')')
 4 SYSTEMPATH\Database\BaseBuilder.php(1841): CodeIgniter\Database\BaseConnection->query('INSERT INTO `pembayaran` (`bulan_bayar`, `id_mahasiswa`, `id_petugas`, `id_spp`)
VALUES (\'Januari\',6,NULL,\'6\'), (\'Februari\',6,NULL,\'6\'), (\'Maret\',6,NULL,\'6\'), (\'April\',6,NULL,\'6\'), (\'Mei\',6,NULL,\'6\'), (\'Juni\',6,NULL,\'6\'), (\'Juli\',6,NULL,\'6\'), (\'Agustus\',6,NULL,\'6\'), (\'September\',6,NULL,\'6\'), (\'Oktober\',6,NULL,\'6\'), (\'November\',6,NULL,\'6\'), (\'Desember\',6,NULL,\'6\')', null, false)
 5 SYSTEMPATH\Database\BaseBuilder.php(2230): CodeIgniter\Database\BaseBuilder->batchExecute('_insertBatch', 100)
 6 SYSTEMPATH\Model.php(428): CodeIgniter\Database\BaseBuilder->insertBatch([...], null, 100)
 7 SYSTEMPATH\BaseModel.php(959): CodeIgniter\Model->doInsertBatch([...], null, 100, false)
 8 APPPATH\Models\PembayaranModel.php(28): CodeIgniter\BaseModel->insertBatch([...])
 9 APPPATH\Controllers\MahasiswaController.php(69): App\Models\PembayaranModel->createPembayaran(null, 6, '6')
10 SYSTEMPATH\CodeIgniter.php(933): App\Controllers\MahasiswaController->store()
11 SYSTEMPATH\CodeIgniter.php(507): CodeIgniter\CodeIgniter->runController(Object(App\Controllers\MahasiswaController))
12 SYSTEMPATH\CodeIgniter.php(354): CodeIgniter\CodeIgniter->handleRequest(null, Object(Config\Cache), false)
13 SYSTEMPATH\Boot.php(334): CodeIgniter\CodeIgniter->run()
14 SYSTEMPATH\Boot.php(67): CodeIgniter\Boot::runCodeIgniter(Object(CodeIgniter\CodeIgniter))
15 FCPATH\index.php(56): CodeIgniter\Boot::bootWeb(Object(Config\Paths))
16 SYSTEMPATH\rewrite.php(44): require_once('D:\\xampp\\htdocs\\spp\\public\\index.php')
DEBUG - 2025-05-12 11:12:05 --> Session: Class initialized using 'CodeIgniter\Session\Handlers\FileHandler' driver.
WARNING - 2025-05-12 11:12:05 --> [DEPRECATED] Optional parameter $joins declared before required parameter $id_mahasiswa is implicitly treated as a required parameter in APPPATH\Models\mahasiswaModel.php on line 32.
 1 SYSTEMPATH\Autoloader\Autoloader.php(316): include_once('D:\\xampp\\htdocs\\spp\\system\\Debug\\Exceptions.php')
 2 SYSTEMPATH\Autoloader\Autoloader.php(295): CodeIgniter\Autoloader\Autoloader->includeFile('D:\\xampp\\htdocs\\spp\\app\\Models\\MahasiswaModel.php')
 3 SYSTEMPATH\Autoloader\Autoloader.php(271): CodeIgniter\Autoloader\Autoloader->loadInNamespace('App\\Models\\MahasiswaModel')
 4 APPPATH\Controllers\MahasiswaController.php(17): CodeIgniter\Autoloader\Autoloader->loadClass('App\\Models\\MahasiswaModel')
 5 SYSTEMPATH\CodeIgniter.php(903): App\Controllers\MahasiswaController->__construct()
 6 SYSTEMPATH\CodeIgniter.php(498): CodeIgniter\CodeIgniter->createController()
 7 SYSTEMPATH\CodeIgniter.php(354): CodeIgniter\CodeIgniter->handleRequest(null, Object(Config\Cache), false)
 8 SYSTEMPATH\Boot.php(334): CodeIgniter\CodeIgniter->run()
 9 SYSTEMPATH\Boot.php(67): CodeIgniter\Boot::runCodeIgniter(Object(CodeIgniter\CodeIgniter))
10 FCPATH\index.php(56): CodeIgniter\Boot::bootWeb(Object(Config\Paths))
11 SYSTEMPATH\rewrite.php(44): require_once('D:\\xampp\\htdocs\\spp\\public\\index.php')
ERROR - 2025-05-12 11:12:06 --> mysqli_sql_exception: Cannot add or update a child row: a foreign key constraint fails (`mkp_ci4`.`pembayaran`, CONSTRAINT `pembayaran_ibfk_1` FOREIGN KEY (`id_petugas`) REFERENCES `petugas` (`id_petugas`)) in D:\xampp\htdocs\spp\system\Database\MySQLi\Connection.php:327
Stack trace:
#0 D:\xampp\htdocs\spp\system\Database\MySQLi\Connection.php(327): mysqli->query('INSERT INTO `pe...', 0)
#1 D:\xampp\htdocs\spp\system\Database\BaseConnection.php(738): CodeIgniter\Database\MySQLi\Connection->execute('INSERT INTO `pe...')
#2 D:\xampp\htdocs\spp\system\Database\BaseConnection.php(652): CodeIgniter\Database\BaseConnection->simpleQuery('INSERT INTO `pe...')
#3 D:\xampp\htdocs\spp\system\Database\BaseBuilder.php(1841): CodeIgniter\Database\BaseConnection->query('INSERT INTO `pe...', NULL, false)
#4 D:\xampp\htdocs\spp\system\Database\BaseBuilder.php(2230): CodeIgniter\Database\BaseBuilder->batchExecute('_insertBatch', 100)
#5 D:\xampp\htdocs\spp\system\Model.php(428): CodeIgniter\Database\BaseBuilder->insertBatch(Array, NULL, 100)
#6 D:\xampp\htdocs\spp\system\BaseModel.php(959): CodeIgniter\Model->doInsertBatch(Array, NULL, 100, false)
#7 D:\xampp\htdocs\spp\app\Models\PembayaranModel.php(28): CodeIgniter\BaseModel->insertBatch(Array)
#8 D:\xampp\htdocs\spp\app\Controllers\MahasiswaController.php(69): App\Models\PembayaranModel->createPembayaran(NULL, 7, '6')
#9 D:\xampp\htdocs\spp\system\CodeIgniter.php(933): App\Controllers\MahasiswaController->store()
#10 D:\xampp\htdocs\spp\system\CodeIgniter.php(507): CodeIgniter\CodeIgniter->runController(Object(App\Controllers\MahasiswaController))
#11 D:\xampp\htdocs\spp\system\CodeIgniter.php(354): CodeIgniter\CodeIgniter->handleRequest(NULL, Object(Config\Cache), false)
#12 D:\xampp\htdocs\spp\system\Boot.php(334): CodeIgniter\CodeIgniter->run()
#13 D:\xampp\htdocs\spp\system\Boot.php(67): CodeIgniter\Boot::runCodeIgniter(Object(CodeIgniter\CodeIgniter))
#14 D:\xampp\htdocs\spp\public\index.php(56): CodeIgniter\Boot::bootWeb(Object(Config\Paths))
#15 D:\xampp\htdocs\spp\system\rewrite.php(44): require_once('D:\\xampp\\htdocs...')
#16 {main}
CRITICAL - 2025-05-12 11:12:06 --> CodeIgniter\Database\Exceptions\DatabaseException: Cannot add or update a child row: a foreign key constraint fails (`mkp_ci4`.`pembayaran`, CONSTRAINT `pembayaran_ibfk_1` FOREIGN KEY (`id_petugas`) REFERENCES `petugas` (`id_petugas`))
[Method: POST, Route: mahasiswa/store]
in SYSTEMPATH\Database\BaseConnection.php on line 692.
 1 SYSTEMPATH\Database\BaseBuilder.php(1841): CodeIgniter\Database\BaseConnection->query('INSERT INTO `pembayaran` (`bulan_bayar`, `id_mahasiswa`, `id_petugas`, `id_spp`)
VALUES (\'Januari\',7,NULL,\'6\'), (\'Februari\',7,NULL,\'6\'), (\'Maret\',7,NULL,\'6\'), (\'April\',7,NULL,\'6\'), (\'Mei\',7,NULL,\'6\'), (\'Juni\',7,NULL,\'6\'), (\'Juli\',7,NULL,\'6\'), (\'Agustus\',7,NULL,\'6\'), (\'September\',7,NULL,\'6\'), (\'Oktober\',7,NULL,\'6\'), (\'November\',7,NULL,\'6\'), (\'Desember\',7,NULL,\'6\')', null, false)
 2 SYSTEMPATH\Database\BaseBuilder.php(2230): CodeIgniter\Database\BaseBuilder->batchExecute('_insertBatch', 100)
 3 SYSTEMPATH\Model.php(428): CodeIgniter\Database\BaseBuilder->insertBatch([...], null, 100)
 4 SYSTEMPATH\BaseModel.php(959): CodeIgniter\Model->doInsertBatch([...], null, 100, false)
 5 APPPATH\Models\PembayaranModel.php(28): CodeIgniter\BaseModel->insertBatch([...])
 6 APPPATH\Controllers\MahasiswaController.php(69): App\Models\PembayaranModel->createPembayaran(null, 7, '6')
 7 SYSTEMPATH\CodeIgniter.php(933): App\Controllers\MahasiswaController->store()
 8 SYSTEMPATH\CodeIgniter.php(507): CodeIgniter\CodeIgniter->runController(Object(App\Controllers\MahasiswaController))
 9 SYSTEMPATH\CodeIgniter.php(354): CodeIgniter\CodeIgniter->handleRequest(null, Object(Config\Cache), false)
10 SYSTEMPATH\Boot.php(334): CodeIgniter\CodeIgniter->run()
11 SYSTEMPATH\Boot.php(67): CodeIgniter\Boot::runCodeIgniter(Object(CodeIgniter\CodeIgniter))
12 FCPATH\index.php(56): CodeIgniter\Boot::bootWeb(Object(Config\Paths))
13 SYSTEMPATH\rewrite.php(44): require_once('D:\\xampp\\htdocs\\spp\\public\\index.php')
CRITICAL - 2025-05-12 11:12:06 --> [Caused by] CodeIgniter\Database\Exceptions\DatabaseException: Cannot add or update a child row: a foreign key constraint fails (`mkp_ci4`.`pembayaran`, CONSTRAINT `pembayaran_ibfk_1` FOREIGN KEY (`id_petugas`) REFERENCES `petugas` (`id_petugas`))
in SYSTEMPATH\Database\MySQLi\Connection.php on line 332.
 1 SYSTEMPATH\Database\BaseConnection.php(738): CodeIgniter\Database\MySQLi\Connection->execute('INSERT INTO `pembayaran` (`bulan_bayar`, `id_mahasiswa`, `id_petugas`, `id_spp`)
VALUES (\'Januari\',7,NULL,\'6\'), (\'Februari\',7,NULL,\'6\'), (\'Maret\',7,NULL,\'6\'), (\'April\',7,NULL,\'6\'), (\'Mei\',7,NULL,\'6\'), (\'Juni\',7,NULL,\'6\'), (\'Juli\',7,NULL,\'6\'), (\'Agustus\',7,NULL,\'6\'), (\'September\',7,NULL,\'6\'), (\'Oktober\',7,NULL,\'6\'), (\'November\',7,NULL,\'6\'), (\'Desember\',7,NULL,\'6\')')
 2 SYSTEMPATH\Database\BaseConnection.php(652): CodeIgniter\Database\BaseConnection->simpleQuery('INSERT INTO `pembayaran` (`bulan_bayar`, `id_mahasiswa`, `id_petugas`, `id_spp`)
VALUES (\'Januari\',7,NULL,\'6\'), (\'Februari\',7,NULL,\'6\'), (\'Maret\',7,NULL,\'6\'), (\'April\',7,NULL,\'6\'), (\'Mei\',7,NULL,\'6\'), (\'Juni\',7,NULL,\'6\'), (\'Juli\',7,NULL,\'6\'), (\'Agustus\',7,NULL,\'6\'), (\'September\',7,NULL,\'6\'), (\'Oktober\',7,NULL,\'6\'), (\'November\',7,NULL,\'6\'), (\'Desember\',7,NULL,\'6\')')
 3 SYSTEMPATH\Database\BaseBuilder.php(1841): CodeIgniter\Database\BaseConnection->query('INSERT INTO `pembayaran` (`bulan_bayar`, `id_mahasiswa`, `id_petugas`, `id_spp`)
VALUES (\'Januari\',7,NULL,\'6\'), (\'Februari\',7,NULL,\'6\'), (\'Maret\',7,NULL,\'6\'), (\'April\',7,NULL,\'6\'), (\'Mei\',7,NULL,\'6\'), (\'Juni\',7,NULL,\'6\'), (\'Juli\',7,NULL,\'6\'), (\'Agustus\',7,NULL,\'6\'), (\'September\',7,NULL,\'6\'), (\'Oktober\',7,NULL,\'6\'), (\'November\',7,NULL,\'6\'), (\'Desember\',7,NULL,\'6\')', null, false)
 4 SYSTEMPATH\Database\BaseBuilder.php(2230): CodeIgniter\Database\BaseBuilder->batchExecute('_insertBatch', 100)
 5 SYSTEMPATH\Model.php(428): CodeIgniter\Database\BaseBuilder->insertBatch([...], null, 100)
 6 SYSTEMPATH\BaseModel.php(959): CodeIgniter\Model->doInsertBatch([...], null, 100, false)
 7 APPPATH\Models\PembayaranModel.php(28): CodeIgniter\BaseModel->insertBatch([...])
 8 APPPATH\Controllers\MahasiswaController.php(69): App\Models\PembayaranModel->createPembayaran(null, 7, '6')
 9 SYSTEMPATH\CodeIgniter.php(933): App\Controllers\MahasiswaController->store()
10 SYSTEMPATH\CodeIgniter.php(507): CodeIgniter\CodeIgniter->runController(Object(App\Controllers\MahasiswaController))
11 SYSTEMPATH\CodeIgniter.php(354): CodeIgniter\CodeIgniter->handleRequest(null, Object(Config\Cache), false)
12 SYSTEMPATH\Boot.php(334): CodeIgniter\CodeIgniter->run()
13 SYSTEMPATH\Boot.php(67): CodeIgniter\Boot::runCodeIgniter(Object(CodeIgniter\CodeIgniter))
14 FCPATH\index.php(56): CodeIgniter\Boot::bootWeb(Object(Config\Paths))
15 SYSTEMPATH\rewrite.php(44): require_once('D:\\xampp\\htdocs\\spp\\public\\index.php')
CRITICAL - 2025-05-12 11:12:06 --> [Caused by] mysqli_sql_exception: Cannot add or update a child row: a foreign key constraint fails (`mkp_ci4`.`pembayaran`, CONSTRAINT `pembayaran_ibfk_1` FOREIGN KEY (`id_petugas`) REFERENCES `petugas` (`id_petugas`))
in SYSTEMPATH\Database\MySQLi\Connection.php on line 327.
 1 SYSTEMPATH\Database\MySQLi\Connection.php(327): mysqli->query('INSERT INTO `pembayaran` (`bulan_bayar`, `id_mahasiswa`, `id_petugas`, `id_spp`)
VALUES (\'Januari\',7,NULL,\'6\'), (\'Februari\',7,NULL,\'6\'), (\'Maret\',7,NULL,\'6\'), (\'April\',7,NULL,\'6\'), (\'Mei\',7,NULL,\'6\'), (\'Juni\',7,NULL,\'6\'), (\'Juli\',7,NULL,\'6\'), (\'Agustus\',7,NULL,\'6\'), (\'September\',7,NULL,\'6\'), (\'Oktober\',7,NULL,\'6\'), (\'November\',7,NULL,\'6\'), (\'Desember\',7,NULL,\'6\')', 0)
 2 SYSTEMPATH\Database\BaseConnection.php(738): CodeIgniter\Database\MySQLi\Connection->execute('INSERT INTO `pembayaran` (`bulan_bayar`, `id_mahasiswa`, `id_petugas`, `id_spp`)
VALUES (\'Januari\',7,NULL,\'6\'), (\'Februari\',7,NULL,\'6\'), (\'Maret\',7,NULL,\'6\'), (\'April\',7,NULL,\'6\'), (\'Mei\',7,NULL,\'6\'), (\'Juni\',7,NULL,\'6\'), (\'Juli\',7,NULL,\'6\'), (\'Agustus\',7,NULL,\'6\'), (\'September\',7,NULL,\'6\'), (\'Oktober\',7,NULL,\'6\'), (\'November\',7,NULL,\'6\'), (\'Desember\',7,NULL,\'6\')')
 3 SYSTEMPATH\Database\BaseConnection.php(652): CodeIgniter\Database\BaseConnection->simpleQuery('INSERT INTO `pembayaran` (`bulan_bayar`, `id_mahasiswa`, `id_petugas`, `id_spp`)
VALUES (\'Januari\',7,NULL,\'6\'), (\'Februari\',7,NULL,\'6\'), (\'Maret\',7,NULL,\'6\'), (\'April\',7,NULL,\'6\'), (\'Mei\',7,NULL,\'6\'), (\'Juni\',7,NULL,\'6\'), (\'Juli\',7,NULL,\'6\'), (\'Agustus\',7,NULL,\'6\'), (\'September\',7,NULL,\'6\'), (\'Oktober\',7,NULL,\'6\'), (\'November\',7,NULL,\'6\'), (\'Desember\',7,NULL,\'6\')')
 4 SYSTEMPATH\Database\BaseBuilder.php(1841): CodeIgniter\Database\BaseConnection->query('INSERT INTO `pembayaran` (`bulan_bayar`, `id_mahasiswa`, `id_petugas`, `id_spp`)
VALUES (\'Januari\',7,NULL,\'6\'), (\'Februari\',7,NULL,\'6\'), (\'Maret\',7,NULL,\'6\'), (\'April\',7,NULL,\'6\'), (\'Mei\',7,NULL,\'6\'), (\'Juni\',7,NULL,\'6\'), (\'Juli\',7,NULL,\'6\'), (\'Agustus\',7,NULL,\'6\'), (\'September\',7,NULL,\'6\'), (\'Oktober\',7,NULL,\'6\'), (\'November\',7,NULL,\'6\'), (\'Desember\',7,NULL,\'6\')', null, false)
 5 SYSTEMPATH\Database\BaseBuilder.php(2230): CodeIgniter\Database\BaseBuilder->batchExecute('_insertBatch', 100)
 6 SYSTEMPATH\Model.php(428): CodeIgniter\Database\BaseBuilder->insertBatch([...], null, 100)
 7 SYSTEMPATH\BaseModel.php(959): CodeIgniter\Model->doInsertBatch([...], null, 100, false)
 8 APPPATH\Models\PembayaranModel.php(28): CodeIgniter\BaseModel->insertBatch([...])
 9 APPPATH\Controllers\MahasiswaController.php(69): App\Models\PembayaranModel->createPembayaran(null, 7, '6')
10 SYSTEMPATH\CodeIgniter.php(933): App\Controllers\MahasiswaController->store()
11 SYSTEMPATH\CodeIgniter.php(507): CodeIgniter\CodeIgniter->runController(Object(App\Controllers\MahasiswaController))
12 SYSTEMPATH\CodeIgniter.php(354): CodeIgniter\CodeIgniter->handleRequest(null, Object(Config\Cache), false)
13 SYSTEMPATH\Boot.php(334): CodeIgniter\CodeIgniter->run()
14 SYSTEMPATH\Boot.php(67): CodeIgniter\Boot::runCodeIgniter(Object(CodeIgniter\CodeIgniter))
15 FCPATH\index.php(56): CodeIgniter\Boot::bootWeb(Object(Config\Paths))
16 SYSTEMPATH\rewrite.php(44): require_once('D:\\xampp\\htdocs\\spp\\public\\index.php')
DEBUG - 2025-05-12 11:17:09 --> Session: Class initialized using 'CodeIgniter\Session\Handlers\FileHandler' driver.
WARNING - 2025-05-12 11:17:09 --> [DEPRECATED] Optional parameter $joins declared before required parameter $id_mahasiswa is implicitly treated as a required parameter in APPPATH\Models\mahasiswaModel.php on line 32.
 1 SYSTEMPATH\Autoloader\Autoloader.php(316): include_once('D:\\xampp\\htdocs\\spp\\system\\Debug\\Exceptions.php')
 2 SYSTEMPATH\Autoloader\Autoloader.php(295): CodeIgniter\Autoloader\Autoloader->includeFile('D:\\xampp\\htdocs\\spp\\app\\Models\\MahasiswaModel.php')
 3 SYSTEMPATH\Autoloader\Autoloader.php(271): CodeIgniter\Autoloader\Autoloader->loadInNamespace('App\\Models\\MahasiswaModel')
 4 APPPATH\Controllers\MahasiswaController.php(17): CodeIgniter\Autoloader\Autoloader->loadClass('App\\Models\\MahasiswaModel')
 5 SYSTEMPATH\CodeIgniter.php(903): App\Controllers\MahasiswaController->__construct()
 6 SYSTEMPATH\CodeIgniter.php(498): CodeIgniter\CodeIgniter->createController()
 7 SYSTEMPATH\CodeIgniter.php(354): CodeIgniter\CodeIgniter->handleRequest(null, Object(Config\Cache), false)
 8 SYSTEMPATH\Boot.php(334): CodeIgniter\CodeIgniter->run()
 9 SYSTEMPATH\Boot.php(67): CodeIgniter\Boot::runCodeIgniter(Object(CodeIgniter\CodeIgniter))
10 FCPATH\index.php(56): CodeIgniter\Boot::bootWeb(Object(Config\Paths))
11 SYSTEMPATH\rewrite.php(44): require_once('D:\\xampp\\htdocs\\spp\\public\\index.php')
DEBUG - 2025-05-12 11:17:11 --> Session: Class initialized using 'CodeIgniter\Session\Handlers\FileHandler' driver.
WARNING - 2025-05-12 11:17:11 --> [DEPRECATED] Optional parameter $joins declared before required parameter $id_mahasiswa is implicitly treated as a required parameter in APPPATH\Models\mahasiswaModel.php on line 32.
 1 SYSTEMPATH\Autoloader\Autoloader.php(316): include_once('D:\\xampp\\htdocs\\spp\\system\\Debug\\Exceptions.php')
 2 SYSTEMPATH\Autoloader\Autoloader.php(295): CodeIgniter\Autoloader\Autoloader->includeFile('D:\\xampp\\htdocs\\spp\\app\\Models\\MahasiswaModel.php')
 3 SYSTEMPATH\Autoloader\Autoloader.php(271): CodeIgniter\Autoloader\Autoloader->loadInNamespace('App\\Models\\MahasiswaModel')
 4 APPPATH\Controllers\MahasiswaController.php(17): CodeIgniter\Autoloader\Autoloader->loadClass('App\\Models\\MahasiswaModel')
 5 SYSTEMPATH\CodeIgniter.php(903): App\Controllers\MahasiswaController->__construct()
 6 SYSTEMPATH\CodeIgniter.php(498): CodeIgniter\CodeIgniter->createController()
 7 SYSTEMPATH\CodeIgniter.php(354): CodeIgniter\CodeIgniter->handleRequest(null, Object(Config\Cache), false)
 8 SYSTEMPATH\Boot.php(334): CodeIgniter\CodeIgniter->run()
 9 SYSTEMPATH\Boot.php(67): CodeIgniter\Boot::runCodeIgniter(Object(CodeIgniter\CodeIgniter))
10 FCPATH\index.php(56): CodeIgniter\Boot::bootWeb(Object(Config\Paths))
11 SYSTEMPATH\rewrite.php(44): require_once('D:\\xampp\\htdocs\\spp\\public\\index.php')
DEBUG - 2025-05-12 11:17:14 --> Session: Class initialized using 'CodeIgniter\Session\Handlers\FileHandler' driver.
WARNING - 2025-05-12 11:17:14 --> [DEPRECATED] Optional parameter $joins declared before required parameter $id_mahasiswa is implicitly treated as a required parameter in APPPATH\Models\mahasiswaModel.php on line 32.
 1 SYSTEMPATH\Autoloader\Autoloader.php(316): include_once('D:\\xampp\\htdocs\\spp\\system\\Debug\\Exceptions.php')
 2 SYSTEMPATH\Autoloader\Autoloader.php(295): CodeIgniter\Autoloader\Autoloader->includeFile('D:\\xampp\\htdocs\\spp\\app\\Models\\MahasiswaModel.php')
 3 SYSTEMPATH\Autoloader\Autoloader.php(271): CodeIgniter\Autoloader\Autoloader->loadInNamespace('App\\Models\\MahasiswaModel')
 4 APPPATH\Controllers\MahasiswaController.php(17): CodeIgniter\Autoloader\Autoloader->loadClass('App\\Models\\MahasiswaModel')
 5 SYSTEMPATH\CodeIgniter.php(903): App\Controllers\MahasiswaController->__construct()
 6 SYSTEMPATH\CodeIgniter.php(498): CodeIgniter\CodeIgniter->createController()
 7 SYSTEMPATH\CodeIgniter.php(354): CodeIgniter\CodeIgniter->handleRequest(null, Object(Config\Cache), false)
 8 SYSTEMPATH\Boot.php(334): CodeIgniter\CodeIgniter->run()
 9 SYSTEMPATH\Boot.php(67): CodeIgniter\Boot::runCodeIgniter(Object(CodeIgniter\CodeIgniter))
10 FCPATH\index.php(56): CodeIgniter\Boot::bootWeb(Object(Config\Paths))
11 SYSTEMPATH\rewrite.php(44): require_once('D:\\xampp\\htdocs\\spp\\public\\index.php')
DEBUG - 2025-05-12 11:17:17 --> Session: Class initialized using 'CodeIgniter\Session\Handlers\FileHandler' driver.
DEBUG - 2025-05-12 11:17:21 --> Session: Class initialized using 'CodeIgniter\Session\Handlers\FileHandler' driver.
WARNING - 2025-05-12 11:17:21 --> [DEPRECATED] Optional parameter $joins declared before required parameter $id_petugas is implicitly treated as a required parameter in APPPATH\Models\PetugasModel.php on line 53.
 1 SYSTEMPATH\Autoloader\Autoloader.php(316): include_once('D:\\xampp\\htdocs\\spp\\system\\Debug\\Exceptions.php')
 2 SYSTEMPATH\Autoloader\Autoloader.php(295): CodeIgniter\Autoloader\Autoloader->includeFile('D:\\xampp\\htdocs\\spp\\app\\Models\\PetugasModel.php')
 3 SYSTEMPATH\Autoloader\Autoloader.php(271): CodeIgniter\Autoloader\Autoloader->loadInNamespace('App\\Models\\PetugasModel')
 4 APPPATH\Controllers\PetugasController.php(16): CodeIgniter\Autoloader\Autoloader->loadClass('App\\Models\\PetugasModel')
 5 SYSTEMPATH\CodeIgniter.php(903): App\Controllers\PetugasController->__construct()
 6 SYSTEMPATH\CodeIgniter.php(498): CodeIgniter\CodeIgniter->createController()
 7 SYSTEMPATH\CodeIgniter.php(354): CodeIgniter\CodeIgniter->handleRequest(null, Object(Config\Cache), false)
 8 SYSTEMPATH\Boot.php(334): CodeIgniter\CodeIgniter->run()
 9 SYSTEMPATH\Boot.php(67): CodeIgniter\Boot::runCodeIgniter(Object(CodeIgniter\CodeIgniter))
10 FCPATH\index.php(56): CodeIgniter\Boot::bootWeb(Object(Config\Paths))
11 SYSTEMPATH\rewrite.php(44): require_once('D:\\xampp\\htdocs\\spp\\public\\index.php')
DEBUG - 2025-05-12 11:17:24 --> Session: Class initialized using 'CodeIgniter\Session\Handlers\FileHandler' driver.
DEBUG - 2025-05-12 11:17:26 --> Session: Class initialized using 'CodeIgniter\Session\Handlers\FileHandler' driver.
DEBUG - 2025-05-12 11:17:41 --> Session: Class initialized using 'CodeIgniter\Session\Handlers\FileHandler' driver.
